#
# There is insufficient memory for the Java Runtime Environment to continue.
# Native memory allocation (mmap) failed to map 65536 bytes for Failed to commit metaspace.
# Possible reasons:
#   The system is out of physical RAM or swap space
#   The process is running with CompressedOops enabled, and the Java Heap may be blocking the growth of the native heap
# Possible solutions:
#   Reduce memory load on the system
#   Increase physical memory or swap space
#   Check if swap backing store is full
#   Decrease Java heap size (-Xmx/-Xms)
#   Decrease number of Java threads
#   Decrease Java thread stack sizes (-Xss)
#   Set larger code cache with -XX:ReservedCodeCacheSize=
#   JVM is running with Unscaled Compressed Oops mode in which the Java heap is
#     placed in the first 4GB address space. The Java Heap base address is the
#     maximum limit for the native heap growth. Please use -XX:HeapBaseMinAddress
#     to set the Java Heap base and to place the Java Heap above 4GB virtual address.
# This output file may be truncated or incomplete.
#
#  Out of Memory Error (virtualSpaceNode.cpp:110), pid=12532, tid=12684
#
# JRE version: Java(TM) SE Runtime Environment (17.0.8+9) (build 17.0.8+9-LTS-211)
# Java VM: Java HotSpot(TM) 64-Bit Server VM (17.0.8+9-LTS-211, mixed mode, tiered, compressed oops, compressed class ptrs, g1 gc, windows-amd64)
# No core dump will be written. Minidumps are not enabled by default on client versions of Windows
#

---------------  S U M M A R Y ------------

Command Line: -Dfile.encoding=UTF-8 --module-path=C:\Users\Hoang Khanh Hung\Desktop\Code\Library_Management_System\build\classes My_Forms.Login

Host: 11th Gen Intel(R) Core(TM) i7-1165G7 @ 2.80GHz, 8 cores, 7G,  Windows 11 , 64 bit Build 22621 (10.0.22621.2506)
Time: Sun Nov  5 16:27:48 2023 SE Asia Standard Time elapsed time: 0.072162 seconds (0d 0h 0m 0s)

---------------  T H R E A D  ---------------

Current thread (0x0000021f10429570):  JavaThread "main" [_thread_in_vm, id=12684, stack(0x0000004e89d00000,0x0000004e89e00000)]

Stack: [0x0000004e89d00000,0x0000004e89e00000]
Native frames: (J=compiled Java code, j=interpreted, Vv=VM code, C=native code)
V  [jvm.dll+0x677d0a]
V  [jvm.dll+0x7d8c54]
V  [jvm.dll+0x7da3fe]
V  [jvm.dll+0x7daa63]
V  [jvm.dll+0x245c5f]
V  [jvm.dll+0x7d4d5b]
V  [jvm.dll+0x61dcf6]
V  [jvm.dll+0x1c0127]
V  [jvm.dll+0x620650]
V  [jvm.dll+0x61e6b6]
V  [jvm.dll+0x24362c]
V  [jvm.dll+0x6ce69d]
V  [jvm.dll+0x6cf09f]
V  [jvm.dll+0x36ea05]
V  [jvm.dll+0x36dab4]
V  [jvm.dll+0x36da58]
V  [jvm.dll+0x37d88a]
C  0x0000021f1f21b6ce

Java frames: (J=compiled Java code, j=interpreted, Vv=VM code)
j  jdk.internal.org.objectweb.asm.ClassWriter.visitMethod(ILjava/lang/String;Ljava/lang/String;Ljava/lang/String;[Ljava/lang/String;)Ljdk/internal/org/objectweb/asm/MethodVisitor;+0 java.base@17.0.8
j  java.lang.invoke.InnerClassLambdaMetafactory.generateConstructor()V+17 java.base@17.0.8
j  java.lang.invoke.InnerClassLambdaMetafactory.generateInnerClass()Ljava/lang/Class;+260 java.base@17.0.8
j  java.lang.invoke.InnerClassLambdaMetafactory.spinInnerClass()Ljava/lang/Class;+114 java.base@17.0.8
j  java.lang.invoke.InnerClassLambdaMetafactory.buildCallSite()Ljava/lang/invoke/CallSite;+1 java.base@17.0.8
j  java.lang.invoke.LambdaMetafactory.metafactory(Ljava/lang/invoke/MethodHandles$Lookup;Ljava/lang/String;Ljava/lang/invoke/MethodType;Ljava/lang/invoke/MethodType;Ljava/lang/invoke/MethodHandle;Ljava/lang/invoke/MethodType;)Ljava/lang/invoke/CallSite;+67 java.base@17.0.8
j  java.lang.invoke.DirectMethodHandle$Holder.invokeStatic(Ljava/lang/Object;Ljava/lang/Object;Ljava/lang/Object;Ljava/lang/Object;Ljava/lang/Object;Ljava/lang/Object;Ljava/lang/Object;)Ljava/lang/Object;+20 java.base@17.0.8
j  java.lang.invoke.Invokers$Holder.invokeExact_MT(Ljava/lang/Object;Ljava/lang/Object;Ljava/lang/Object;Ljava/lang/Object;Ljava/lang/Object;Ljava/lang/Object;Ljava/lang/Object;Ljava/lang/Object;)Ljava/lang/Object;+28 java.base@17.0.8
j  java.lang.invoke.BootstrapMethodInvoker.invoke(Ljava/lang/Class;Ljava/lang/invoke/MethodHandle;Ljava/lang/String;Ljava/lang/Object;Ljava/lang/Object;Ljava/lang/Class;)Ljava/lang/Object;+319 java.base@17.0.8
j  java.lang.invoke.CallSite.makeSite(Ljava/lang/invoke/MethodHandle;Ljava/lang/String;Ljava/lang/invoke/MethodType;Ljava/lang/Object;Ljava/lang/Class;)Ljava/lang/invoke/CallSite;+8 java.base@17.0.8
j  java.lang.invoke.MethodHandleNatives.linkCallSiteImpl(Ljava/lang/Class;Ljava/lang/invoke/MethodHandle;Ljava/lang/String;Ljava/lang/invoke/MethodType;Ljava/lang/Object;[Ljava/lang/Object;)Ljava/lang/invoke/MemberName;+6 java.base@17.0.8
j  java.lang.invoke.MethodHandleNatives.linkCallSite(Ljava/lang/Object;ILjava/lang/Object;Ljava/lang/Object;Ljava/lang/Object;Ljava/lang/Object;[Ljava/lang/Object;)Ljava/lang/invoke/MemberName;+46 java.base@17.0.8
v  ~StubRoutines::call_stub
j  jdk.internal.module.DefaultRoots.compute(Ljava/lang/module/ModuleFinder;Ljava/lang/module/ModuleFinder;)Ljava/util/Set;+11 java.base@17.0.8
j  jdk.internal.module.ModuleBootstrap.boot2()Ljava/lang/ModuleLayer;+727 java.base@17.0.8
j  jdk.internal.module.ModuleBootstrap.boot()Ljava/lang/ModuleLayer;+64 java.base@17.0.8
j  java.lang.System.initPhase2(ZZ)I+0 java.base@17.0.8
v  ~StubRoutines::call_stub

---------------  P R O C E S S  ---------------

Threads class SMR info:
_java_thread_list=0x0000021f2e505f60, length=10, elements={
0x0000021f10429570, 0x0000021f2e3fa250, 0x0000021f2e3fbc10, 0x0000021f2e3cfe80,
0x0000021f2e524650, 0x0000021f2e50b0e0, 0x0000021f2e50b9a0, 0x0000021f2e50c680,
0x0000021f2e517ea0, 0x0000021f2e5197c0
}

Java Threads: ( => current thread )
=>0x0000021f10429570 JavaThread "main" [_thread_in_vm, id=12684, stack(0x0000004e89d00000,0x0000004e89e00000)]
  0x0000021f2e3fa250 JavaThread "Reference Handler" daemon [_thread_blocked, id=4376, stack(0x0000004e8a400000,0x0000004e8a500000)]
  0x0000021f2e3fbc10 JavaThread "Finalizer" daemon [_thread_blocked, id=13016, stack(0x0000004e8a500000,0x0000004e8a600000)]
  0x0000021f2e3cfe80 JavaThread "Signal Dispatcher" daemon [_thread_blocked, id=12120, stack(0x0000004e8a600000,0x0000004e8a700000)]
  0x0000021f2e524650 JavaThread "Attach Listener" daemon [_thread_blocked, id=12936, stack(0x0000004e8a700000,0x0000004e8a800000)]
  0x0000021f2e50b0e0 JavaThread "Service Thread" daemon [_thread_blocked, id=9028, stack(0x0000004e8a800000,0x0000004e8a900000)]
  0x0000021f2e50b9a0 JavaThread "Monitor Deflation Thread" daemon [_thread_blocked, id=5592, stack(0x0000004e8a900000,0x0000004e8aa00000)]
  0x0000021f2e50c680 JavaThread "C2 CompilerThread0" daemon [_thread_blocked, id=12184, stack(0x0000004e8aa00000,0x0000004e8ab00000)]
  0x0000021f2e517ea0 JavaThread "C1 CompilerThread0" daemon [_thread_blocked, id=13664, stack(0x0000004e8ab00000,0x0000004e8ac00000)]
  0x0000021f2e5197c0 JavaThread "Sweeper thread" daemon [_thread_blocked, id=4232, stack(0x0000004e8ac00000,0x0000004e8ad00000)]

Other Threads:
  0x0000021f2e3e7920 VMThread "VM Thread" [stack: 0x0000004e8a300000,0x0000004e8a400000] [id=13100]
  0x0000021f10482ac0 GCTaskThread "GC Thread#0" [stack: 0x0000004e89e00000,0x0000004e89f00000] [id=6444]
  0x0000021f10493180 ConcurrentGCThread "G1 Main Marker" [stack: 0x0000004e89f00000,0x0000004e8a000000] [id=9864]
  0x0000021f10494ba0 ConcurrentGCThread "G1 Conc#0" [stack: 0x0000004e8a000000,0x0000004e8a100000] [id=3268]
  0x0000021f2e2140b0 ConcurrentGCThread "G1 Refine#0" [stack: 0x0000004e8a100000,0x0000004e8a200000] [id=3652]
  0x0000021f104fe350 ConcurrentGCThread "G1 Service" [stack: 0x0000004e8a200000,0x0000004e8a300000] [id=5524]

Threads with active compile tasks:

VM state: not at safepoint (normal execution)

VM Mutex/Monitor currently owned by a thread:  ([mutex/lock_event])
[0x0000021f10423ba0] Metaspace_lock - owner thread: 0x0000021f10429570

Heap address: 0x0000000084400000, size: 1980 MB, Compressed Oops mode: 32-bit

CDS archive(s) not mapped
Compressed class space mapped at: 0x0000000100000000-0x0000000140000000, reserved size: 1073741824
Narrow klass base: 0x0000000000000000, Narrow klass shift: 3, Narrow klass range: 0x140000000

GC Precious Log:
 CPUs: 8 total, 8 available
 Memory: 7914M
 Large Page Support: Disabled
 NUMA Support: Disabled
 Compressed Oops: Enabled (32-bit)
 Heap Region Size: 1M
 Heap Min Capacity: 8M
 Heap Initial Capacity: 124M
 Heap Max Capacity: 1980M
 Pre-touch: Disabled
 Parallel Workers: 8
 Concurrent Workers: 2
 Concurrent Refinement Workers: 8
 Periodic GC: Disabled

Heap:
 garbage-first heap   total 126976K, used 0K [0x0000000084400000, 0x0000000100000000)
  region size 1024K, 1 young (1024K), 0 survivors (0K)
 Metaspace       used 4432K, committed 4480K, reserved 1114112K
  class space    used 337K, committed 384K, reserved 1048576K

Heap Regions: E=young(eden), S=young(survivor), O=old, HS=humongous(starts), HC=humongous(continues), CS=collection set, F=free, OA=open archive, CA=closed archive, TAMS=top-at-mark-start (previous, next)
|   0|0x0000000084400000, 0x0000000084400000, 0x0000000084500000|  0%| F|  |TAMS 0x0000000084400000, 0x0000000084400000| Untracked 
|   1|0x0000000084500000, 0x0000000084500000, 0x0000000084600000|  0%| F|  |TAMS 0x0000000084500000, 0x0000000084500000| Untracked 
|   2|0x0000000084600000, 0x0000000084600000, 0x0000000084700000|  0%| F|  |TAMS 0x0000000084600000, 0x0000000084600000| Untracked 
|   3|0x0000000084700000, 0x0000000084700000, 0x0000000084800000|  0%| F|  |TAMS 0x0000000084700000, 0x0000000084700000| Untracked 
|   4|0x0000000084800000, 0x0000000084800000, 0x0000000084900000|  0%| F|  |TAMS 0x0000000084800000, 0x0000000084800000| Untracked 
|   5|0x0000000084900000, 0x0000000084900000, 0x0000000084a00000|  0%| F|  |TAMS 0x0000000084900000, 0x0000000084900000| Untracked 
|   6|0x0000000084a00000, 0x0000000084a00000, 0x0000000084b00000|  0%| F|  |TAMS 0x0000000084a00000, 0x0000000084a00000| Untracked 
|   7|0x0000000084b00000, 0x0000000084b00000, 0x0000000084c00000|  0%| F|  |TAMS 0x0000000084b00000, 0x0000000084b00000| Untracked 
|   8|0x0000000084c00000, 0x0000000084c00000, 0x0000000084d00000|  0%| F|  |TAMS 0x0000000084c00000, 0x0000000084c00000| Untracked 
|   9|0x0000000084d00000, 0x0000000084d00000, 0x0000000084e00000|  0%| F|  |TAMS 0x0000000084d00000, 0x0000000084d00000| Untracked 
|  10|0x0000000084e00000, 0x0000000084e00000, 0x0000000084f00000|  0%| F|  |TAMS 0x0000000084e00000, 0x0000000084e00000| Untracked 
|  11|0x0000000084f00000, 0x0000000084f00000, 0x0000000085000000|  0%| F|  |TAMS 0x0000000084f00000, 0x0000000084f00000| Untracked 
|  12|0x0000000085000000, 0x0000000085000000, 0x0000000085100000|  0%| F|  |TAMS 0x0000000085000000, 0x0000000085000000| Untracked 
|  13|0x0000000085100000, 0x0000000085100000, 0x0000000085200000|  0%| F|  |TAMS 0x0000000085100000, 0x0000000085100000| Untracked 
|  14|0x0000000085200000, 0x0000000085200000, 0x0000000085300000|  0%| F|  |TAMS 0x0000000085200000, 0x0000000085200000| Untracked 
|  15|0x0000000085300000, 0x0000000085300000, 0x0000000085400000|  0%| F|  |TAMS 0x0000000085300000, 0x0000000085300000| Untracked 
|  16|0x0000000085400000, 0x0000000085400000, 0x0000000085500000|  0%| F|  |TAMS 0x0000000085400000, 0x0000000085400000| Untracked 
|  17|0x0000000085500000, 0x0000000085500000, 0x0000000085600000|  0%| F|  |TAMS 0x0000000085500000, 0x0000000085500000| Untracked 
|  18|0x0000000085600000, 0x0000000085600000, 0x0000000085700000|  0%| F|  |TAMS 0x0000000085600000, 0x0000000085600000| Untracked 
|  19|0x0000000085700000, 0x0000000085700000, 0x0000000085800000|  0%| F|  |TAMS 0x0000000085700000, 0x0000000085700000| Untracked 
|  20|0x0000000085800000, 0x0000000085800000, 0x0000000085900000|  0%| F|  |TAMS 0x0000000085800000, 0x0000000085800000| Untracked 
|  21|0x0000000085900000, 0x0000000085900000, 0x0000000085a00000|  0%| F|  |TAMS 0x0000000085900000, 0x0000000085900000| Untracked 
|  22|0x0000000085a00000, 0x0000000085a00000, 0x0000000085b00000|  0%| F|  |TAMS 0x0000000085a00000, 0x0000000085a00000| Untracked 
|  23|0x0000000085b00000, 0x0000000085b00000, 0x0000000085c00000|  0%| F|  |TAMS 0x0000000085b00000, 0x0000000085b00000| Untracked 
|  24|0x0000000085c00000, 0x0000000085c00000, 0x0000000085d00000|  0%| F|  |TAMS 0x0000000085c00000, 0x0000000085c00000| Untracked 
|  25|0x0000000085d00000, 0x0000000085d00000, 0x0000000085e00000|  0%| F|  |TAMS 0x0000000085d00000, 0x0000000085d00000| Untracked 
|  26|0x0000000085e00000, 0x0000000085e00000, 0x0000000085f00000|  0%| F|  |TAMS 0x0000000085e00000, 0x0000000085e00000| Untracked 
|  27|0x0000000085f00000, 0x0000000085f00000, 0x0000000086000000|  0%| F|  |TAMS 0x0000000085f00000, 0x0000000085f00000| Untracked 
|  28|0x0000000086000000, 0x0000000086000000, 0x0000000086100000|  0%| F|  |TAMS 0x0000000086000000, 0x0000000086000000| Untracked 
|  29|0x0000000086100000, 0x0000000086100000, 0x0000000086200000|  0%| F|  |TAMS 0x0000000086100000, 0x0000000086100000| Untracked 
|  30|0x0000000086200000, 0x0000000086200000, 0x0000000086300000|  0%| F|  |TAMS 0x0000000086200000, 0x0000000086200000| Untracked 
|  31|0x0000000086300000, 0x0000000086300000, 0x0000000086400000|  0%| F|  |TAMS 0x0000000086300000, 0x0000000086300000| Untracked 
|  32|0x0000000086400000, 0x0000000086400000, 0x0000000086500000|  0%| F|  |TAMS 0x0000000086400000, 0x0000000086400000| Untracked 
|  33|0x0000000086500000, 0x0000000086500000, 0x0000000086600000|  0%| F|  |TAMS 0x0000000086500000, 0x0000000086500000| Untracked 
|  34|0x0000000086600000, 0x0000000086600000, 0x0000000086700000|  0%| F|  |TAMS 0x0000000086600000, 0x0000000086600000| Untracked 
|  35|0x0000000086700000, 0x0000000086700000, 0x0000000086800000|  0%| F|  |TAMS 0x0000000086700000, 0x0000000086700000| Untracked 
|  36|0x0000000086800000, 0x0000000086800000, 0x0000000086900000|  0%| F|  |TAMS 0x0000000086800000, 0x0000000086800000| Untracked 
|  37|0x0000000086900000, 0x0000000086900000, 0x0000000086a00000|  0%| F|  |TAMS 0x0000000086900000, 0x0000000086900000| Untracked 
|  38|0x0000000086a00000, 0x0000000086a00000, 0x0000000086b00000|  0%| F|  |TAMS 0x0000000086a00000, 0x0000000086a00000| Untracked 
|  39|0x0000000086b00000, 0x0000000086b00000, 0x0000000086c00000|  0%| F|  |TAMS 0x0000000086b00000, 0x0000000086b00000| Untracked 
|  40|0x0000000086c00000, 0x0000000086c00000, 0x0000000086d00000|  0%| F|  |TAMS 0x0000000086c00000, 0x0000000086c00000| Untracked 
|  41|0x0000000086d00000, 0x0000000086d00000, 0x0000000086e00000|  0%| F|  |TAMS 0x0000000086d00000, 0x0000000086d00000| Untracked 
|  42|0x0000000086e00000, 0x0000000086e00000, 0x0000000086f00000|  0%| F|  |TAMS 0x0000000086e00000, 0x0000000086e00000| Untracked 
|  43|0x0000000086f00000, 0x0000000086f00000, 0x0000000087000000|  0%| F|  |TAMS 0x0000000086f00000, 0x0000000086f00000| Untracked 
|  44|0x0000000087000000, 0x0000000087000000, 0x0000000087100000|  0%| F|  |TAMS 0x0000000087000000, 0x0000000087000000| Untracked 
|  45|0x0000000087100000, 0x0000000087100000, 0x0000000087200000|  0%| F|  |TAMS 0x0000000087100000, 0x0000000087100000| Untracked 
|  46|0x0000000087200000, 0x0000000087200000, 0x0000000087300000|  0%| F|  |TAMS 0x0000000087200000, 0x0000000087200000| Untracked 
|  47|0x0000000087300000, 0x0000000087300000, 0x0000000087400000|  0%| F|  |TAMS 0x0000000087300000, 0x0000000087300000| Untracked 
|  48|0x0000000087400000, 0x0000000087400000, 0x0000000087500000|  0%| F|  |TAMS 0x0000000087400000, 0x0000000087400000| Untracked 
|  49|0x0000000087500000, 0x0000000087500000, 0x0000000087600000|  0%| F|  |TAMS 0x0000000087500000, 0x0000000087500000| Untracked 
|  50|0x0000000087600000, 0x0000000087600000, 0x0000000087700000|  0%| F|  |TAMS 0x0000000087600000, 0x0000000087600000| Untracked 
|  51|0x0000000087700000, 0x0000000087700000, 0x0000000087800000|  0%| F|  |TAMS 0x0000000087700000, 0x0000000087700000| Untracked 
|  52|0x0000000087800000, 0x0000000087800000, 0x0000000087900000|  0%| F|  |TAMS 0x0000000087800000, 0x0000000087800000| Untracked 
|  53|0x0000000087900000, 0x0000000087900000, 0x0000000087a00000|  0%| F|  |TAMS 0x0000000087900000, 0x0000000087900000| Untracked 
|  54|0x0000000087a00000, 0x0000000087a00000, 0x0000000087b00000|  0%| F|  |TAMS 0x0000000087a00000, 0x0000000087a00000| Untracked 
|  55|0x0000000087b00000, 0x0000000087b00000, 0x0000000087c00000|  0%| F|  |TAMS 0x0000000087b00000, 0x0000000087b00000| Untracked 
|  56|0x0000000087c00000, 0x0000000087c00000, 0x0000000087d00000|  0%| F|  |TAMS 0x0000000087c00000, 0x0000000087c00000| Untracked 
|  57|0x0000000087d00000, 0x0000000087d00000, 0x0000000087e00000|  0%| F|  |TAMS 0x0000000087d00000, 0x0000000087d00000| Untracked 
|  58|0x0000000087e00000, 0x0000000087e00000, 0x0000000087f00000|  0%| F|  |TAMS 0x0000000087e00000, 0x0000000087e00000| Untracked 
|  59|0x0000000087f00000, 0x0000000087f00000, 0x0000000088000000|  0%| F|  |TAMS 0x0000000087f00000, 0x0000000087f00000| Untracked 
|  60|0x0000000088000000, 0x0000000088000000, 0x0000000088100000|  0%| F|  |TAMS 0x0000000088000000, 0x0000000088000000| Untracked 
|  61|0x0000000088100000, 0x0000000088100000, 0x0000000088200000|  0%| F|  |TAMS 0x0000000088100000, 0x0000000088100000| Untracked 
|  62|0x0000000088200000, 0x0000000088200000, 0x0000000088300000|  0%| F|  |TAMS 0x0000000088200000, 0x0000000088200000| Untracked 
|  63|0x0000000088300000, 0x0000000088300000, 0x0000000088400000|  0%| F|  |TAMS 0x0000000088300000, 0x0000000088300000| Untracked 
|  64|0x0000000088400000, 0x0000000088400000, 0x0000000088500000|  0%| F|  |TAMS 0x0000000088400000, 0x0000000088400000| Untracked 
|  65|0x0000000088500000, 0x0000000088500000, 0x0000000088600000|  0%| F|  |TAMS 0x0000000088500000, 0x0000000088500000| Untracked 
|  66|0x0000000088600000, 0x0000000088600000, 0x0000000088700000|  0%| F|  |TAMS 0x0000000088600000, 0x0000000088600000| Untracked 
|  67|0x0000000088700000, 0x0000000088700000, 0x0000000088800000|  0%| F|  |TAMS 0x0000000088700000, 0x0000000088700000| Untracked 
|  68|0x0000000088800000, 0x0000000088800000, 0x0000000088900000|  0%| F|  |TAMS 0x0000000088800000, 0x0000000088800000| Untracked 
|  69|0x0000000088900000, 0x0000000088900000, 0x0000000088a00000|  0%| F|  |TAMS 0x0000000088900000, 0x0000000088900000| Untracked 
|  70|0x0000000088a00000, 0x0000000088a00000, 0x0000000088b00000|  0%| F|  |TAMS 0x0000000088a00000, 0x0000000088a00000| Untracked 
|  71|0x0000000088b00000, 0x0000000088b00000, 0x0000000088c00000|  0%| F|  |TAMS 0x0000000088b00000, 0x0000000088b00000| Untracked 
|  72|0x0000000088c00000, 0x0000000088c00000, 0x0000000088d00000|  0%| F|  |TAMS 0x0000000088c00000, 0x0000000088c00000| Untracked 
|  73|0x0000000088d00000, 0x0000000088d00000, 0x0000000088e00000|  0%| F|  |TAMS 0x0000000088d00000, 0x0000000088d00000| Untracked 
|  74|0x0000000088e00000, 0x0000000088e00000, 0x0000000088f00000|  0%| F|  |TAMS 0x0000000088e00000, 0x0000000088e00000| Untracked 
|  75|0x0000000088f00000, 0x0000000088f00000, 0x0000000089000000|  0%| F|  |TAMS 0x0000000088f00000, 0x0000000088f00000| Untracked 
|  76|0x0000000089000000, 0x0000000089000000, 0x0000000089100000|  0%| F|  |TAMS 0x0000000089000000, 0x0000000089000000| Untracked 
|  77|0x0000000089100000, 0x0000000089100000, 0x0000000089200000|  0%| F|  |TAMS 0x0000000089100000, 0x0000000089100000| Untracked 
|  78|0x0000000089200000, 0x0000000089200000, 0x0000000089300000|  0%| F|  |TAMS 0x0000000089200000, 0x0000000089200000| Untracked 
|  79|0x0000000089300000, 0x0000000089300000, 0x0000000089400000|  0%| F|  |TAMS 0x0000000089300000, 0x0000000089300000| Untracked 
|  80|0x0000000089400000, 0x0000000089400000, 0x0000000089500000|  0%| F|  |TAMS 0x0000000089400000, 0x0000000089400000| Untracked 
|  81|0x0000000089500000, 0x0000000089500000, 0x0000000089600000|  0%| F|  |TAMS 0x0000000089500000, 0x0000000089500000| Untracked 
|  82|0x0000000089600000, 0x0000000089600000, 0x0000000089700000|  0%| F|  |TAMS 0x0000000089600000, 0x0000000089600000| Untracked 
|  83|0x0000000089700000, 0x0000000089700000, 0x0000000089800000|  0%| F|  |TAMS 0x0000000089700000, 0x0000000089700000| Untracked 
|  84|0x0000000089800000, 0x0000000089800000, 0x0000000089900000|  0%| F|  |TAMS 0x0000000089800000, 0x0000000089800000| Untracked 
|  85|0x0000000089900000, 0x0000000089900000, 0x0000000089a00000|  0%| F|  |TAMS 0x0000000089900000, 0x0000000089900000| Untracked 
|  86|0x0000000089a00000, 0x0000000089a00000, 0x0000000089b00000|  0%| F|  |TAMS 0x0000000089a00000, 0x0000000089a00000| Untracked 
|  87|0x0000000089b00000, 0x0000000089b00000, 0x0000000089c00000|  0%| F|  |TAMS 0x0000000089b00000, 0x0000000089b00000| Untracked 
|  88|0x0000000089c00000, 0x0000000089c00000, 0x0000000089d00000|  0%| F|  |TAMS 0x0000000089c00000, 0x0000000089c00000| Untracked 
|  89|0x0000000089d00000, 0x0000000089d00000, 0x0000000089e00000|  0%| F|  |TAMS 0x0000000089d00000, 0x0000000089d00000| Untracked 
|  90|0x0000000089e00000, 0x0000000089e00000, 0x0000000089f00000|  0%| F|  |TAMS 0x0000000089e00000, 0x0000000089e00000| Untracked 
|  91|0x0000000089f00000, 0x0000000089f00000, 0x000000008a000000|  0%| F|  |TAMS 0x0000000089f00000, 0x0000000089f00000| Untracked 
|  92|0x000000008a000000, 0x000000008a000000, 0x000000008a100000|  0%| F|  |TAMS 0x000000008a000000, 0x000000008a000000| Untracked 
|  93|0x000000008a100000, 0x000000008a100000, 0x000000008a200000|  0%| F|  |TAMS 0x000000008a100000, 0x000000008a100000| Untracked 
|  94|0x000000008a200000, 0x000000008a200000, 0x000000008a300000|  0%| F|  |TAMS 0x000000008a200000, 0x000000008a200000| Untracked 
|  95|0x000000008a300000, 0x000000008a300000, 0x000000008a400000|  0%| F|  |TAMS 0x000000008a300000, 0x000000008a300000| Untracked 
|  96|0x000000008a400000, 0x000000008a400000, 0x000000008a500000|  0%| F|  |TAMS 0x000000008a400000, 0x000000008a400000| Untracked 
|  97|0x000000008a500000, 0x000000008a500000, 0x000000008a600000|  0%| F|  |TAMS 0x000000008a500000, 0x000000008a500000| Untracked 
|  98|0x000000008a600000, 0x000000008a600000, 0x000000008a700000|  0%| F|  |TAMS 0x000000008a600000, 0x000000008a600000| Untracked 
|  99|0x000000008a700000, 0x000000008a700000, 0x000000008a800000|  0%| F|  |TAMS 0x000000008a700000, 0x000000008a700000| Untracked 
| 100|0x000000008a800000, 0x000000008a800000, 0x000000008a900000|  0%| F|  |TAMS 0x000000008a800000, 0x000000008a800000| Untracked 
| 101|0x000000008a900000, 0x000000008a900000, 0x000000008aa00000|  0%| F|  |TAMS 0x000000008a900000, 0x000000008a900000| Untracked 
| 102|0x000000008aa00000, 0x000000008aa00000, 0x000000008ab00000|  0%| F|  |TAMS 0x000000008aa00000, 0x000000008aa00000| Untracked 
| 103|0x000000008ab00000, 0x000000008ab00000, 0x000000008ac00000|  0%| F|  |TAMS 0x000000008ab00000, 0x000000008ab00000| Untracked 
| 104|0x000000008ac00000, 0x000000008ac00000, 0x000000008ad00000|  0%| F|  |TAMS 0x000000008ac00000, 0x000000008ac00000| Untracked 
| 105|0x000000008ad00000, 0x000000008ad00000, 0x000000008ae00000|  0%| F|  |TAMS 0x000000008ad00000, 0x000000008ad00000| Untracked 
| 106|0x000000008ae00000, 0x000000008ae00000, 0x000000008af00000|  0%| F|  |TAMS 0x000000008ae00000, 0x000000008ae00000| Untracked 
| 107|0x000000008af00000, 0x000000008af00000, 0x000000008b000000|  0%| F|  |TAMS 0x000000008af00000, 0x000000008af00000| Untracked 
| 108|0x000000008b000000, 0x000000008b000000, 0x000000008b100000|  0%| F|  |TAMS 0x000000008b000000, 0x000000008b000000| Untracked 
| 109|0x000000008b100000, 0x000000008b100000, 0x000000008b200000|  0%| F|  |TAMS 0x000000008b100000, 0x000000008b100000| Untracked 
| 110|0x000000008b200000, 0x000000008b200000, 0x000000008b300000|  0%| F|  |TAMS 0x000000008b200000, 0x000000008b200000| Untracked 
| 111|0x000000008b300000, 0x000000008b300000, 0x000000008b400000|  0%| F|  |TAMS 0x000000008b300000, 0x000000008b300000| Untracked 
| 112|0x000000008b400000, 0x000000008b400000, 0x000000008b500000|  0%| F|  |TAMS 0x000000008b400000, 0x000000008b400000| Untracked 
| 113|0x000000008b500000, 0x000000008b500000, 0x000000008b600000|  0%| F|  |TAMS 0x000000008b500000, 0x000000008b500000| Untracked 
| 114|0x000000008b600000, 0x000000008b600000, 0x000000008b700000|  0%| F|  |TAMS 0x000000008b600000, 0x000000008b600000| Untracked 
| 115|0x000000008b700000, 0x000000008b700000, 0x000000008b800000|  0%| F|  |TAMS 0x000000008b700000, 0x000000008b700000| Untracked 
| 116|0x000000008b800000, 0x000000008b800000, 0x000000008b900000|  0%| F|  |TAMS 0x000000008b800000, 0x000000008b800000| Untracked 
| 117|0x000000008b900000, 0x000000008b900000, 0x000000008ba00000|  0%| F|  |TAMS 0x000000008b900000, 0x000000008b900000| Untracked 
| 118|0x000000008ba00000, 0x000000008ba00000, 0x000000008bb00000|  0%| F|  |TAMS 0x000000008ba00000, 0x000000008ba00000| Untracked 
| 119|0x000000008bb00000, 0x000000008bb00000, 0x000000008bc00000|  0%| F|  |TAMS 0x000000008bb00000, 0x000000008bb00000| Untracked 
| 120|0x000000008bc00000, 0x000000008bc00000, 0x000000008bd00000|  0%| F|  |TAMS 0x000000008bc00000, 0x000000008bc00000| Untracked 
| 121|0x000000008bd00000, 0x000000008bd00000, 0x000000008be00000|  0%| F|  |TAMS 0x000000008bd00000, 0x000000008bd00000| Untracked 
| 122|0x000000008be00000, 0x000000008be00000, 0x000000008bf00000|  0%| F|  |TAMS 0x000000008be00000, 0x000000008be00000| Untracked 
| 123|0x000000008bf00000, 0x000000008c000000, 0x000000008c000000|100%| E|  |TAMS 0x000000008bf00000, 0x000000008bf00000| Complete 

Card table byte_map: [0x0000021f273e0000,0x0000021f277c0000] _byte_map_base: 0x0000021f26fbe000

Marking Bits (Prev, Next): (CMBitMap*) 0x0000021f104830d0, (CMBitMap*) 0x0000021f10483110
 Prev Bits: [0x0000021f27ba0000, 0x0000021f29a90000)
 Next Bits: [0x0000021f29a90000, 0x0000021f2b980000)

Polling page: 0x0000021f0fc00000

Metaspace:

Usage:
  Non-class:      4.00 MB used.
      Class:    337.87 KB used.
       Both:      4.33 MB used.

Virtual space:
  Non-class space:       64.00 MB reserved,       4.00 MB (  6%) committed,  1 nodes.
      Class space:        1.00 GB reserved,     384.00 KB ( <1%) committed,  1 nodes.
             Both:        1.06 GB reserved,       4.38 MB ( <1%) committed. 

Chunk freelists:
   Non-Class:  11.00 MB
       Class:  15.62 MB
        Both:  26.62 MB

MaxMetaspaceSize: unlimited
CompressedClassSpaceSize: 1.00 GB
Initial GC threshold: 21.00 MB
Current GC threshold: 21.00 MB
CDS: off
MetaspaceReclaimPolicy: balanced
 - commit_granule_bytes: 65536.
 - commit_granule_words: 8192.
 - virtual_space_node_default_size: 8388608.
 - enlarge_chunks_in_place: 1.
 - new_chunks_are_fully_committed: 0.
 - uncommit_free_chunks: 1.
 - use_allocation_guard: 0.
 - handle_deallocations: 1.


Internal statistics:

num_allocs_failed_limit: 0.
num_arena_births: 2.
num_arena_deaths: 0.
num_vsnodes_births: 2.
num_vsnodes_deaths: 0.
num_space_committed: 70.
num_space_uncommitted: 0.
num_chunks_returned_to_freelist: 0.
num_chunks_taken_from_freelist: 4.
num_chunk_merges: 0.
num_chunk_splits: 3.
num_chunks_enlarged: 0.
num_purges: 0.
num_inconsistent_stats: 0.

CodeHeap 'non-profiled nmethods': size=120000Kb used=9Kb max_used=9Kb free=119991Kb
 bounds [0x0000021f1f7a0000, 0x0000021f1fa10000, 0x0000021f26cd0000]
CodeHeap 'profiled nmethods': size=120000Kb used=49Kb max_used=49Kb free=119950Kb
 bounds [0x0000021f17cd0000, 0x0000021f17f40000, 0x0000021f1f200000]
CodeHeap 'non-nmethods': size=5760Kb used=1077Kb max_used=1077Kb free=4682Kb
 bounds [0x0000021f1f200000, 0x0000021f1f470000, 0x0000021f1f7a0000]
 total_blobs=371 nmethods=42 adapters=242
 compilation: enabled
              stopped_count=0, restarted_count=0
 full_count=0

Compilation events (20 events):
Event: 0.058 Thread 0x0000021f2e517ea0   27       3       java.lang.StringLatin1::indexOfChar (33 bytes)
Event: 0.058 Thread 0x0000021f2e517ea0 nmethod 27 0x0000021f17cd7e10 code [0x0000021f17cd7fc0, 0x0000021f17cd81f8]
Event: 0.061 Thread 0x0000021f2e50c680   28       4       java.lang.Object::<init> (1 bytes)
Event: 0.061 Thread 0x0000021f2e517ea0   29       3       java.util.concurrent.ConcurrentHashMap::tabAt (22 bytes)
Event: 0.061 Thread 0x0000021f2e50c680 nmethod 28 0x0000021f1f7a0a10 code [0x0000021f1f7a0b80, 0x0000021f1f7a0bf8]
Event: 0.061 Thread 0x0000021f2e517ea0 nmethod 29 0x0000021f17cd8310 code [0x0000021f17cd84c0, 0x0000021f17cd8798]
Event: 0.061 Thread 0x0000021f2e517ea0   31       3       java.util.ImmutableCollections$SetN$SetNIterator::next (90 bytes)
Event: 0.062 Thread 0x0000021f2e517ea0 nmethod 31 0x0000021f17cd8890 code [0x0000021f17cd8a40, 0x0000021f17cd8d68]
Event: 0.062 Thread 0x0000021f2e517ea0   30       3       jdk.internal.misc.Unsafe::getReferenceAcquire (7 bytes)
Event: 0.062 Thread 0x0000021f2e517ea0 nmethod 30 0x0000021f17cd8f10 code [0x0000021f17cd90a0, 0x0000021f17cd91f8]
Event: 0.063 Thread 0x0000021f2e517ea0   32       3       java.util.HashMap::hash (20 bytes)
Event: 0.064 Thread 0x0000021f2e517ea0 nmethod 32 0x0000021f17cd9290 code [0x0000021f17cd9440, 0x0000021f17cd9648]
Event: 0.067 Thread 0x0000021f2e517ea0   34       1       java.lang.Enum::ordinal (5 bytes)
Event: 0.067 Thread 0x0000021f2e517ea0 nmethod 34 0x0000021f1f7a1010 code [0x0000021f1f7a11a0, 0x0000021f1f7a1278]
Event: 0.069 Thread 0x0000021f2e517ea0   40   !   3       java.util.concurrent.ConcurrentHashMap::putVal (432 bytes)
Event: 0.070 Thread 0x0000021f2e517ea0 nmethod 40 0x0000021f17cd9710 code [0x0000021f17cd9a80, 0x0000021f17cdb568]
Event: 0.070 Thread 0x0000021f2e517ea0   42       3       java.lang.StringLatin1::canEncode (13 bytes)
Event: 0.070 Thread 0x0000021f2e517ea0 nmethod 42 0x0000021f17cdbf10 code [0x0000021f17cdc0a0, 0x0000021f17cdc1f8]
Event: 0.070 Thread 0x0000021f2e517ea0   41       3       java.util.concurrent.ConcurrentHashMap$Node::<init> (20 bytes)
Event: 0.070 Thread 0x0000021f2e517ea0 nmethod 41 0x0000021f17cdc290 code [0x0000021f17cdc440, 0x0000021f17cdc678]

GC Heap History (0 events):
No events

Deoptimization events (0 events):
No events

Classes unloaded (0 events):
No events

Classes redefined (0 events):
No events

Internal exceptions (0 events):
No events

VM Operations (0 events):
No events

Events (20 events):
Event: 0.069 loading class java/lang/invoke/MethodHandleInfo done
Event: 0.069 loading class java/lang/invoke/InfoFromMemberName done
Event: 0.069 loading class jdk/internal/org/objectweb/asm/ClassWriter
Event: 0.070 loading class jdk/internal/org/objectweb/asm/ClassVisitor
Event: 0.070 loading class jdk/internal/org/objectweb/asm/ClassVisitor done
Event: 0.070 loading class jdk/internal/org/objectweb/asm/ClassWriter done
Event: 0.070 loading class jdk/internal/org/objectweb/asm/SymbolTable
Event: 0.070 loading class jdk/internal/org/objectweb/asm/SymbolTable done
Event: 0.070 loading class jdk/internal/org/objectweb/asm/SymbolTable$Entry
Event: 0.070 loading class jdk/internal/org/objectweb/asm/Symbol
Event: 0.070 loading class jdk/internal/org/objectweb/asm/Symbol done
Event: 0.070 loading class jdk/internal/org/objectweb/asm/SymbolTable$Entry done
Event: 0.070 loading class jdk/internal/org/objectweb/asm/ByteVector
Event: 0.070 loading class jdk/internal/org/objectweb/asm/ByteVector done
Event: 0.070 loading class java/lang/invoke/LambdaProxyClassArchive
Event: 0.070 loading class java/lang/invoke/LambdaProxyClassArchive done
Event: 0.070 loading class jdk/internal/org/objectweb/asm/MethodWriter
Event: 0.070 loading class jdk/internal/org/objectweb/asm/MethodVisitor
Event: 0.070 loading class jdk/internal/org/objectweb/asm/MethodVisitor done
Event: 0.070 loading class jdk/internal/org/objectweb/asm/MethodWriter done


Dynamic libraries:
0x00007ff7d4f90000 - 0x00007ff7d4fa0000 	C:\Program Files\Java\jdk-17\bin\java.exe
0x00007ffc57270000 - 0x00007ffc57487000 	C:\WINDOWS\SYSTEM32\ntdll.dll
0x00007ffc55500000 - 0x00007ffc555c4000 	C:\WINDOWS\System32\KERNEL32.DLL
0x00007ffc548f0000 - 0x00007ffc54c97000 	C:\WINDOWS\System32\KERNELBASE.dll
0x00007ffc54ca0000 - 0x00007ffc54db1000 	C:\WINDOWS\System32\ucrtbase.dll
0x00007ffc33270000 - 0x00007ffc33289000 	C:\Program Files\Java\jdk-17\bin\jli.dll
0x00007ffc4a8b0000 - 0x00007ffc4a8cb000 	C:\Program Files\Java\jdk-17\bin\VCRUNTIME140.dll
0x00007ffc55c50000 - 0x00007ffc55d00000 	C:\WINDOWS\System32\ADVAPI32.dll
0x00007ffc57120000 - 0x00007ffc571c7000 	C:\WINDOWS\System32\msvcrt.dll
0x00007ffc55430000 - 0x00007ffc554d6000 	C:\WINDOWS\System32\sechost.dll
0x00007ffc55d80000 - 0x00007ffc55e97000 	C:\WINDOWS\System32\RPCRT4.dll
0x00007ffc56610000 - 0x00007ffc567be000 	C:\WINDOWS\System32\USER32.dll
0x00007ffc3ab30000 - 0x00007ffc3adc3000 	C:\WINDOWS\WinSxS\amd64_microsoft.windows.common-controls_6595b64144ccf1df_6.0.22621.2506_none_270c5ae97388e100\COMCTL32.dll
0x00007ffc54dc0000 - 0x00007ffc54de6000 	C:\WINDOWS\System32\win32u.dll
0x00007ffc56800000 - 0x00007ffc56829000 	C:\WINDOWS\System32\GDI32.dll
0x00007ffc54750000 - 0x00007ffc54869000 	C:\WINDOWS\System32\gdi32full.dll
0x00007ffc545f0000 - 0x00007ffc5468a000 	C:\WINDOWS\System32\msvcp_win.dll
0x00007ffc41470000 - 0x00007ffc4147a000 	C:\WINDOWS\SYSTEM32\VERSION.dll
0x00007ffc567c0000 - 0x00007ffc567f1000 	C:\WINDOWS\System32\IMM32.DLL
0x00007ffc4f6b0000 - 0x00007ffc4f6bc000 	C:\Program Files\Java\jdk-17\bin\vcruntime140_1.dll
0x00007ffc1f2d0000 - 0x00007ffc1f35e000 	C:\Program Files\Java\jdk-17\bin\msvcp140.dll
0x00007ffc0e380000 - 0x00007ffc0ef5e000 	C:\Program Files\Java\jdk-17\bin\server\jvm.dll
0x00007ffc55ea0000 - 0x00007ffc55ea8000 	C:\WINDOWS\System32\PSAPI.DLL
0x00007ffc4f6c0000 - 0x00007ffc4f6c9000 	C:\WINDOWS\SYSTEM32\WSOCK32.dll
0x00007ffc55020000 - 0x00007ffc55091000 	C:\WINDOWS\System32\WS2_32.dll
0x00007ffc4c9d0000 - 0x00007ffc4ca04000 	C:\WINDOWS\SYSTEM32\WINMM.dll
0x00007ffc535c0000 - 0x00007ffc535d8000 	C:\WINDOWS\SYSTEM32\kernel.appcore.dll
0x00007ffc4c740000 - 0x00007ffc4c74a000 	C:\Program Files\Java\jdk-17\bin\jimage.dll
0x00007ffc51c10000 - 0x00007ffc51e43000 	C:\WINDOWS\SYSTEM32\DBGHELP.DLL
0x00007ffc550a0000 - 0x00007ffc55429000 	C:\WINDOWS\System32\combase.dll
0x00007ffc56470000 - 0x00007ffc56547000 	C:\WINDOWS\System32\OLEAUT32.dll
0x00007ffc4c990000 - 0x00007ffc4c9c2000 	C:\WINDOWS\SYSTEM32\dbgcore.DLL
0x00007ffc54870000 - 0x00007ffc548ea000 	C:\WINDOWS\System32\bcryptPrimitives.dll
0x00007ffc35330000 - 0x00007ffc35355000 	C:\Program Files\Java\jdk-17\bin\java.dll
0x00007ffc21290000 - 0x00007ffc21367000 	C:\Program Files\Java\jdk-17\bin\jsvml.dll
0x00007ffc568c0000 - 0x00007ffc57119000 	C:\WINDOWS\System32\SHELL32.dll
0x00007ffc524c0000 - 0x00007ffc52db4000 	C:\WINDOWS\SYSTEM32\windows.storage.dll
0x00007ffc52380000 - 0x00007ffc524be000 	C:\WINDOWS\SYSTEM32\wintypes.dll
0x00007ffc555d0000 - 0x00007ffc556c3000 	C:\WINDOWS\System32\SHCORE.dll
0x00007ffc56100000 - 0x00007ffc5615e000 	C:\WINDOWS\System32\shlwapi.dll
0x00007ffc54520000 - 0x00007ffc54546000 	C:\WINDOWS\SYSTEM32\profapi.dll

dbghelp: loaded successfully - version: 4.0.5 - missing functions: none
symbol engine: initialized successfully - sym options: 0x614 - pdb path: .;C:\Program Files\Java\jdk-17\bin;C:\WINDOWS\SYSTEM32;C:\WINDOWS\WinSxS\amd64_microsoft.windows.common-controls_6595b64144ccf1df_6.0.22621.2506_none_270c5ae97388e100;C:\Program Files\Java\jdk-17\bin\server

VM Arguments:
jvm_args: -Dfile.encoding=UTF-8 --module-path=C:\Users\Hoang Khanh Hung\Desktop\Code\Library_Management_System\build\classes 
java_command: My_Forms.Login
java_class_path (initial): C:\Users\Hoang Khanh Hung\Downloads\Compressed\miglayout-4.0.jar;C:\Users\Hoang Khanh Hung\Downloads\TimingFramework-0.55.jar;C:\Users\Hoang Khanh Hung\Desktop\Code\Library_Management_System\build\classes
Launcher Type: SUN_STANDARD

[Global flags]
     intx CICompilerCount                          = 4                                         {product} {ergonomic}
     uint ConcGCThreads                            = 2                                         {product} {ergonomic}
     uint G1ConcRefinementThreads                  = 8                                         {product} {ergonomic}
   size_t G1HeapRegionSize                         = 1048576                                   {product} {ergonomic}
    uintx GCDrainStackTargetSize                   = 64                                        {product} {ergonomic}
   size_t InitialHeapSize                          = 130023424                                 {product} {ergonomic}
   size_t MarkStackSize                            = 4194304                                   {product} {ergonomic}
   size_t MaxHeapSize                              = 2076180480                                {product} {ergonomic}
   size_t MaxNewSize                               = 1245708288                                {product} {ergonomic}
   size_t MinHeapDeltaBytes                        = 1048576                                   {product} {ergonomic}
   size_t MinHeapSize                              = 8388608                                   {product} {ergonomic}
    uintx NonNMethodCodeHeapSize                   = 5839372                                {pd product} {ergonomic}
    uintx NonProfiledCodeHeapSize                  = 122909434                              {pd product} {ergonomic}
    uintx ProfiledCodeHeapSize                     = 122909434                              {pd product} {ergonomic}
    uintx ReservedCodeCacheSize                    = 251658240                              {pd product} {ergonomic}
     bool SegmentedCodeCache                       = true                                      {product} {ergonomic}
   size_t SoftMaxHeapSize                          = 2076180480                             {manageable} {ergonomic}
     bool UseCompressedClassPointers               = true                           {product lp64_product} {ergonomic}
     bool UseCompressedOops                        = true                           {product lp64_product} {ergonomic}
     bool UseG1GC                                  = true                                      {product} {ergonomic}
     bool UseLargePagesIndividualAllocation        = false                                  {pd product} {ergonomic}

Logging:
Log output configuration:
 #0: stdout all=warning uptime,level,tags
 #1: stderr all=off uptime,level,tags

Environment Variables:
PATH=C:\Program Files\Common Files\Oracle\Java\javapath;C:\Windows\system32;C:\Windows;C:\Windows\System32\Wbem;C:\Windows\System32\WindowsPowerShell\v1.0\;C:\Windows\System32\OpenSSH\;C:\WINDOWS\system32;C:\WINDOWS;C:\WINDOWS\System32\Wbem;C:\WINDOWS\System32\WindowsPowerShell\v1.0\;C:\WINDOWS\System32\OpenSSH\;C:\Program Files\dotnet\;C:\Program Files (x86)\NVIDIA Corporation\PhysX\Common;C:\Program Files\MATLAB\R2022b\bin;C:\Program Files\Cloudflare\Cloudflare WARP\;C:\Program Files\NVIDIA Corporation\NVIDIA NvDLISR;C:\Python\Scripts\;C:\Python\;C:\Users\Hoang Khanh Hung\AppData\Local\Programs\Python\Launcher\;C:\Program Files\Java\jdk-21\bin;C:\msys64\mingw64\bin;C:\Users\Hoang Khanh Hung\AppData\Local\Programs\Microsoft VS Code\bin
USERNAME=Hoang Khanh Hung
OS=Windows_NT
PROCESSOR_IDENTIFIER=Intel64 Family 6 Model 140 Stepping 1, GenuineIntel



---------------  S Y S T E M  ---------------

OS:
 Windows 11 , 64 bit Build 22621 (10.0.22621.2506)
OS uptime: 0 days 17:15 hours
Hyper-V role detected

CPU: total 8 (initial active 8) (4 cores per cpu, 2 threads per core) family 6 model 140 stepping 1 microcode 0xac, cx8, cmov, fxsr, ht, mmx, 3dnowpref, sse, sse2, sse3, ssse3, sse4.1, sse4.2, popcnt, lzcnt, tsc, tscinvbit, avx, avx2, aes, erms, clmul, bmi1, bmi2, adx, avx512f, avx512dq, avx512cd, avx512bw, avx512vl, sha, fma, vzeroupper, avx512_vpopcntdq, avx512_vpclmulqdq, avx512_vaes, avx512_vnni, clflush, clflushopt, clwb, avx512_vbmi2, avx512_vbmi, hv

Memory: 4k page, system-wide physical 7914M (464M free)
TotalPageFile size 12010M (AvailPageFile size 4M)
current process WorkingSet (physical memory assigned to process): 27M, peak: 27M
current process commit charge ("private bytes"): 198M, peak: 201M

vm_info: Java HotSpot(TM) 64-Bit Server VM (17.0.8+9-LTS-211) for windows-amd64 JRE (17.0.8+9-LTS-211), built on Jun 14 2023 10:34:31 by "mach5one" with MS VC++ 17.1 (VS2022)

END.
