#
# There is insufficient memory for the Java Runtime Environment to continue.
# Native memory allocation (mmap) failed to map 65536 bytes for Failed to commit metaspace.
# Possible reasons:
#   The system is out of physical RAM or swap space
#   The process is running with CompressedOops enabled, and the Java Heap may be blocking the growth of the native heap
# Possible solutions:
#   Reduce memory load on the system
#   Increase physical memory or swap space
#   Check if swap backing store is full
#   Decrease Java heap size (-Xmx/-Xms)
#   Decrease number of Java threads
#   Decrease Java thread stack sizes (-Xss)
#   Set larger code cache with -XX:ReservedCodeCacheSize=
#   JVM is running with Unscaled Compressed Oops mode in which the Java heap is
#     placed in the first 4GB address space. The Java Heap base address is the
#     maximum limit for the native heap growth. Please use -XX:HeapBaseMinAddress
#     to set the Java Heap base and to place the Java Heap above 4GB virtual address.
# This output file may be truncated or incomplete.
#
#  Out of Memory Error (virtualSpaceNode.cpp:110), pid=11060, tid=13928
#
# JRE version: Java(TM) SE Runtime Environment (17.0.8+9) (build 17.0.8+9-LTS-211)
# Java VM: Java HotSpot(TM) 64-Bit Server VM (17.0.8+9-LTS-211, mixed mode, sharing, tiered, compressed oops, compressed class ptrs, g1 gc, windows-amd64)
# No core dump will be written. Minidumps are not enabled by default on client versions of Windows
#

---------------  S U M M A R Y ------------

Command Line: -Dfile.encoding=UTF-8 --module-path=C:\Users\Hoang Khanh Hung\Desktop\Code\Library_Management_System\build\classes My_Forms.Login

Host: 11th Gen Intel(R) Core(TM) i7-1165G7 @ 2.80GHz, 8 cores, 7G,  Windows 11 , 64 bit Build 22621 (10.0.22621.2506)
Time: Sun Nov  5 15:49:41 2023 SE Asia Standard Time elapsed time: 0.188670 seconds (0d 0h 0m 0s)

---------------  T H R E A D  ---------------

Current thread (0x00000237c73fea00):  JavaThread "AWT-EventQueue-0" [_thread_in_vm, id=13928, stack(0x000000aa27b00000,0x000000aa27c00000)]

Stack: [0x000000aa27b00000,0x000000aa27c00000]
Native frames: (J=compiled Java code, j=interpreted, Vv=VM code, C=native code)
V  [jvm.dll+0x677d0a]
V  [jvm.dll+0x7d8c54]
V  [jvm.dll+0x7da3fe]
V  [jvm.dll+0x7daa63]
V  [jvm.dll+0x245c5f]
V  [jvm.dll+0x7d4d5b]
V  [jvm.dll+0x61dcf6]
V  [jvm.dll+0x61dd5a]
V  [jvm.dll+0x62057d]
V  [jvm.dll+0x61e6b6]
V  [jvm.dll+0x628487]
V  [jvm.dll+0x1e9bdd]
V  [jvm.dll+0x1ea1a5]
V  [jvm.dll+0x1eaaeb]
V  [jvm.dll+0x1e02f1]
V  [jvm.dll+0x53ddbc]
V  [jvm.dll+0x1f0c0a]
V  [jvm.dll+0x752b7d]
V  [jvm.dll+0x753f76]
V  [jvm.dll+0x754705]
V  [jvm.dll+0x1eaf11]
V  [jvm.dll+0x1e030a]
V  [jvm.dll+0x53ddbc]
V  [jvm.dll+0x1f0c0a]
V  [jvm.dll+0x752b7d]
V  [jvm.dll+0x753f76]
V  [jvm.dll+0x754705]
V  [jvm.dll+0x1eaf11]
V  [jvm.dll+0x1e030a]
V  [jvm.dll+0x53ddbc]
V  [jvm.dll+0x1f0c0a]
V  [jvm.dll+0x752b7d]
V  [jvm.dll+0x753f76]
V  [jvm.dll+0x7542a8]
V  [jvm.dll+0x23e01b]
V  [jvm.dll+0x37d84e]
C  0x00000237f2b3b80d

Java frames: (J=compiled Java code, j=interpreted, Vv=VM code)
j  javax.swing.UIManager.maybeInitializeFocusPolicy(Ljavax/swing/JComponent;)V+38 java.desktop@17.0.8
j  javax.swing.UIManager.getUI(Ljavax/swing/JComponent;)Ljavax/swing/plaf/ComponentUI;+4 java.desktop@17.0.8
j  javax.swing.JRootPane.updateUI()V+2 java.desktop@17.0.8
j  javax.swing.JRootPane.<init>()V+47 java.desktop@17.0.8
j  javax.swing.JFrame.createRootPane()Ljavax/swing/JRootPane;+4 java.desktop@17.0.8
j  javax.swing.JFrame.frameInit()V+16 java.desktop@17.0.8
j  javax.swing.JFrame.<init>()V+20 java.desktop@17.0.8
j  My_Forms.Login.<init>()V+1
j  My_Forms.Login.lambda$main$0()V+4
j  My_Forms.Login$$Lambda$131+0x0000023783003328.run()V+0
j  java.awt.event.InvocationEvent.dispatch()V+47 java.desktop@17.0.8
j  java.awt.EventQueue.dispatchEventImpl(Ljava/awt/AWTEvent;Ljava/lang/Object;)V+21 java.desktop@17.0.8
j  java.awt.EventQueue$4.run()Ljava/lang/Void;+32 java.desktop@17.0.8
j  java.awt.EventQueue$4.run()Ljava/lang/Object;+1 java.desktop@17.0.8
j  java.security.AccessController.executePrivileged(Ljava/security/PrivilegedAction;Ljava/security/AccessControlContext;Ljava/lang/Class;)Ljava/lang/Object;+29 java.base@17.0.8
j  java.security.AccessController.doPrivileged(Ljava/security/PrivilegedAction;Ljava/security/AccessControlContext;)Ljava/lang/Object;+13 java.base@17.0.8
j  java.security.ProtectionDomain$JavaSecurityAccessImpl.doIntersectionPrivilege(Ljava/security/PrivilegedAction;Ljava/security/AccessControlContext;Ljava/security/AccessControlContext;)Ljava/lang/Object;+18 java.base@17.0.8
j  java.awt.EventQueue.dispatchEvent(Ljava/awt/AWTEvent;)V+46 java.desktop@17.0.8
j  java.awt.EventDispatchThread.pumpOneEventForFilters(I)V+78 java.desktop@17.0.8
j  java.awt.EventDispatchThread.pumpEventsForFilter(ILjava/awt/Conditional;Ljava/awt/EventFilter;)V+35 java.desktop@17.0.8
j  java.awt.EventDispatchThread.pumpEventsForHierarchy(ILjava/awt/Conditional;Ljava/awt/Component;)V+11 java.desktop@17.0.8
j  java.awt.EventDispatchThread.pumpEvents(ILjava/awt/Conditional;)V+4 java.desktop@17.0.8
j  java.awt.EventDispatchThread.pumpEvents(Ljava/awt/Conditional;)V+3 java.desktop@17.0.8
j  java.awt.EventDispatchThread.run()V+9 java.desktop@17.0.8
v  ~StubRoutines::call_stub

---------------  P R O C E S S  ---------------

Threads class SMR info:
_java_thread_list=0x00000237c73fcbc0, length=17, elements={
0x00000237ffc8e770, 0x00000237ffc8f030, 0x00000237ffc9fbf0, 0x00000237ffca04b0,
0x00000237ffca2d80, 0x00000237ffca3640, 0x00000237ffca4640, 0x00000237ffca4ff0,
0x00000237ffca7900, 0x00000237c70560b0, 0x00000237c70f60c0, 0x00000237c710be80,
0x00000237c7374320, 0x00000237c7378c10, 0x00000237c737b0f0, 0x00000237c73fea00,
0x00000237e3d4b5e0
}

Java Threads: ( => current thread )
  0x00000237ffc8e770 JavaThread "Reference Handler" daemon [_thread_blocked, id=1932, stack(0x000000aa26b00000,0x000000aa26c00000)]
  0x00000237ffc8f030 JavaThread "Finalizer" daemon [_thread_blocked, id=7480, stack(0x000000aa26c00000,0x000000aa26d00000)]
  0x00000237ffc9fbf0 JavaThread "Signal Dispatcher" daemon [_thread_blocked, id=8740, stack(0x000000aa26d00000,0x000000aa26e00000)]
  0x00000237ffca04b0 JavaThread "Attach Listener" daemon [_thread_blocked, id=12776, stack(0x000000aa26e00000,0x000000aa26f00000)]
  0x00000237ffca2d80 JavaThread "Service Thread" daemon [_thread_blocked, id=1232, stack(0x000000aa26f00000,0x000000aa27000000)]
  0x00000237ffca3640 JavaThread "Monitor Deflation Thread" daemon [_thread_blocked, id=4436, stack(0x000000aa27000000,0x000000aa27100000)]
  0x00000237ffca4640 JavaThread "C2 CompilerThread0" daemon [_thread_in_native, id=13328, stack(0x000000aa27100000,0x000000aa27200000)]
  0x00000237ffca4ff0 JavaThread "C1 CompilerThread0" daemon [_thread_in_vm, id=13636, stack(0x000000aa27200000,0x000000aa27300000)]
  0x00000237ffca7900 JavaThread "Sweeper thread" daemon [_thread_blocked, id=12868, stack(0x000000aa27300000,0x000000aa27400000)]
  0x00000237c70560b0 JavaThread "Common-Cleaner" daemon [_thread_blocked, id=7316, stack(0x000000aa27400000,0x000000aa27500000)]
  0x00000237c70f60c0 JavaThread "C2 CompilerThread1" daemon [_thread_blocked, id=2132, stack(0x000000aa27500000,0x000000aa27600000)]
  0x00000237c710be80 JavaThread "Notification Thread" daemon [_thread_blocked, id=5340, stack(0x000000aa27600000,0x000000aa27700000)]
  0x00000237c7374320 JavaThread "Java2D Disposer" daemon [_thread_blocked, id=4512, stack(0x000000aa27800000,0x000000aa27900000)]
  0x00000237c7378c10 JavaThread "AWT-Shutdown" [_thread_blocked, id=5364, stack(0x000000aa27900000,0x000000aa27a00000)]
  0x00000237c737b0f0 JavaThread "AWT-Windows" daemon [_thread_in_native, id=9452, stack(0x000000aa27a00000,0x000000aa27b00000)]
=>0x00000237c73fea00 JavaThread "AWT-EventQueue-0" [_thread_in_vm, id=13928, stack(0x000000aa27b00000,0x000000aa27c00000)]
  0x00000237e3d4b5e0 JavaThread "DestroyJavaVM" [_thread_blocked, id=3796, stack(0x000000aa26400000,0x000000aa26500000)]

Other Threads:
  0x00000237ffc88ac0 VMThread "VM Thread" [stack: 0x000000aa26a00000,0x000000aa26b00000] [id=5844]
  0x00000237c70ecbb0 WatcherThread [stack: 0x000000aa27700000,0x000000aa27800000] [id=3204]
  0x00000237e3da38c0 GCTaskThread "GC Thread#0" [stack: 0x000000aa26500000,0x000000aa26600000] [id=11148]
  0x00000237e3db3e90 ConcurrentGCThread "G1 Main Marker" [stack: 0x000000aa26600000,0x000000aa26700000] [id=304]
  0x00000237e3db5bc0 ConcurrentGCThread "G1 Conc#0" [stack: 0x000000aa26700000,0x000000aa26800000] [id=13664]
  0x00000237ffb340b0 ConcurrentGCThread "G1 Refine#0" [stack: 0x000000aa26800000,0x000000aa26900000] [id=14096]
  0x00000237ffb34780 ConcurrentGCThread "G1 Service" [stack: 0x000000aa26900000,0x000000aa26a00000] [id=13100]

Threads with active compile tasks:
C2 CompilerThread0      200  571       4       java.util.HashMap::put (13 bytes)
C1 CompilerThread0      200  568       3       java.util.ResourceBundle::getObject (82 bytes)

VM state: not at safepoint (normal execution)

VM Mutex/Monitor currently owned by a thread:  ([mutex/lock_event])
[0x00000237e3d44d20] Metaspace_lock - owner thread: 0x00000237c73fea00
[0x00000237e3d451f0] MethodData_lock - owner thread: 0x00000237ffca4ff0

Heap address: 0x0000000084400000, size: 1980 MB, Compressed Oops mode: 32-bit

CDS archive(s) mapped at: [0x0000023782000000-0x0000023782bd0000-0x0000023782bd0000), size 12386304, SharedBaseAddress: 0x0000023782000000, ArchiveRelocationMode: 1.
Compressed class space mapped at: 0x0000023783000000-0x00000237c3000000, reserved size: 1073741824
Narrow klass base: 0x0000023782000000, Narrow klass shift: 0, Narrow klass range: 0x100000000

GC Precious Log:
 CPUs: 8 total, 8 available
 Memory: 7914M
 Large Page Support: Disabled
 NUMA Support: Disabled
 Compressed Oops: Enabled (32-bit)
 Heap Region Size: 1M
 Heap Min Capacity: 8M
 Heap Initial Capacity: 124M
 Heap Max Capacity: 1980M
 Pre-touch: Disabled
 Parallel Workers: 8
 Concurrent Workers: 2
 Concurrent Refinement Workers: 8
 Periodic GC: Disabled

Heap:
 garbage-first heap   total 126976K, used 5120K [0x0000000084400000, 0x0000000100000000)
  region size 1024K, 6 young (6144K), 0 survivors (0K)
 Metaspace       used 6101K, committed 6208K, reserved 1114112K
  class space    used 716K, committed 768K, reserved 1048576K

Heap Regions: E=young(eden), S=young(survivor), O=old, HS=humongous(starts), HC=humongous(continues), CS=collection set, F=free, OA=open archive, CA=closed archive, TAMS=top-at-mark-start (previous, next)
|   0|0x0000000084400000, 0x0000000084400000, 0x0000000084500000|  0%| F|  |TAMS 0x0000000084400000, 0x0000000084400000| Untracked 
|   1|0x0000000084500000, 0x0000000084500000, 0x0000000084600000|  0%| F|  |TAMS 0x0000000084500000, 0x0000000084500000| Untracked 
|   2|0x0000000084600000, 0x0000000084600000, 0x0000000084700000|  0%| F|  |TAMS 0x0000000084600000, 0x0000000084600000| Untracked 
|   3|0x0000000084700000, 0x0000000084700000, 0x0000000084800000|  0%| F|  |TAMS 0x0000000084700000, 0x0000000084700000| Untracked 
|   4|0x0000000084800000, 0x0000000084800000, 0x0000000084900000|  0%| F|  |TAMS 0x0000000084800000, 0x0000000084800000| Untracked 
|   5|0x0000000084900000, 0x0000000084900000, 0x0000000084a00000|  0%| F|  |TAMS 0x0000000084900000, 0x0000000084900000| Untracked 
|   6|0x0000000084a00000, 0x0000000084a00000, 0x0000000084b00000|  0%| F|  |TAMS 0x0000000084a00000, 0x0000000084a00000| Untracked 
|   7|0x0000000084b00000, 0x0000000084b00000, 0x0000000084c00000|  0%| F|  |TAMS 0x0000000084b00000, 0x0000000084b00000| Untracked 
|   8|0x0000000084c00000, 0x0000000084c00000, 0x0000000084d00000|  0%| F|  |TAMS 0x0000000084c00000, 0x0000000084c00000| Untracked 
|   9|0x0000000084d00000, 0x0000000084d00000, 0x0000000084e00000|  0%| F|  |TAMS 0x0000000084d00000, 0x0000000084d00000| Untracked 
|  10|0x0000000084e00000, 0x0000000084e00000, 0x0000000084f00000|  0%| F|  |TAMS 0x0000000084e00000, 0x0000000084e00000| Untracked 
|  11|0x0000000084f00000, 0x0000000084f00000, 0x0000000085000000|  0%| F|  |TAMS 0x0000000084f00000, 0x0000000084f00000| Untracked 
|  12|0x0000000085000000, 0x0000000085000000, 0x0000000085100000|  0%| F|  |TAMS 0x0000000085000000, 0x0000000085000000| Untracked 
|  13|0x0000000085100000, 0x0000000085100000, 0x0000000085200000|  0%| F|  |TAMS 0x0000000085100000, 0x0000000085100000| Untracked 
|  14|0x0000000085200000, 0x0000000085200000, 0x0000000085300000|  0%| F|  |TAMS 0x0000000085200000, 0x0000000085200000| Untracked 
|  15|0x0000000085300000, 0x0000000085300000, 0x0000000085400000|  0%| F|  |TAMS 0x0000000085300000, 0x0000000085300000| Untracked 
|  16|0x0000000085400000, 0x0000000085400000, 0x0000000085500000|  0%| F|  |TAMS 0x0000000085400000, 0x0000000085400000| Untracked 
|  17|0x0000000085500000, 0x0000000085500000, 0x0000000085600000|  0%| F|  |TAMS 0x0000000085500000, 0x0000000085500000| Untracked 
|  18|0x0000000085600000, 0x0000000085600000, 0x0000000085700000|  0%| F|  |TAMS 0x0000000085600000, 0x0000000085600000| Untracked 
|  19|0x0000000085700000, 0x0000000085700000, 0x0000000085800000|  0%| F|  |TAMS 0x0000000085700000, 0x0000000085700000| Untracked 
|  20|0x0000000085800000, 0x0000000085800000, 0x0000000085900000|  0%| F|  |TAMS 0x0000000085800000, 0x0000000085800000| Untracked 
|  21|0x0000000085900000, 0x0000000085900000, 0x0000000085a00000|  0%| F|  |TAMS 0x0000000085900000, 0x0000000085900000| Untracked 
|  22|0x0000000085a00000, 0x0000000085a00000, 0x0000000085b00000|  0%| F|  |TAMS 0x0000000085a00000, 0x0000000085a00000| Untracked 
|  23|0x0000000085b00000, 0x0000000085b00000, 0x0000000085c00000|  0%| F|  |TAMS 0x0000000085b00000, 0x0000000085b00000| Untracked 
|  24|0x0000000085c00000, 0x0000000085c00000, 0x0000000085d00000|  0%| F|  |TAMS 0x0000000085c00000, 0x0000000085c00000| Untracked 
|  25|0x0000000085d00000, 0x0000000085d00000, 0x0000000085e00000|  0%| F|  |TAMS 0x0000000085d00000, 0x0000000085d00000| Untracked 
|  26|0x0000000085e00000, 0x0000000085e00000, 0x0000000085f00000|  0%| F|  |TAMS 0x0000000085e00000, 0x0000000085e00000| Untracked 
|  27|0x0000000085f00000, 0x0000000085f00000, 0x0000000086000000|  0%| F|  |TAMS 0x0000000085f00000, 0x0000000085f00000| Untracked 
|  28|0x0000000086000000, 0x0000000086000000, 0x0000000086100000|  0%| F|  |TAMS 0x0000000086000000, 0x0000000086000000| Untracked 
|  29|0x0000000086100000, 0x0000000086100000, 0x0000000086200000|  0%| F|  |TAMS 0x0000000086100000, 0x0000000086100000| Untracked 
|  30|0x0000000086200000, 0x0000000086200000, 0x0000000086300000|  0%| F|  |TAMS 0x0000000086200000, 0x0000000086200000| Untracked 
|  31|0x0000000086300000, 0x0000000086300000, 0x0000000086400000|  0%| F|  |TAMS 0x0000000086300000, 0x0000000086300000| Untracked 
|  32|0x0000000086400000, 0x0000000086400000, 0x0000000086500000|  0%| F|  |TAMS 0x0000000086400000, 0x0000000086400000| Untracked 
|  33|0x0000000086500000, 0x0000000086500000, 0x0000000086600000|  0%| F|  |TAMS 0x0000000086500000, 0x0000000086500000| Untracked 
|  34|0x0000000086600000, 0x0000000086600000, 0x0000000086700000|  0%| F|  |TAMS 0x0000000086600000, 0x0000000086600000| Untracked 
|  35|0x0000000086700000, 0x0000000086700000, 0x0000000086800000|  0%| F|  |TAMS 0x0000000086700000, 0x0000000086700000| Untracked 
|  36|0x0000000086800000, 0x0000000086800000, 0x0000000086900000|  0%| F|  |TAMS 0x0000000086800000, 0x0000000086800000| Untracked 
|  37|0x0000000086900000, 0x0000000086900000, 0x0000000086a00000|  0%| F|  |TAMS 0x0000000086900000, 0x0000000086900000| Untracked 
|  38|0x0000000086a00000, 0x0000000086a00000, 0x0000000086b00000|  0%| F|  |TAMS 0x0000000086a00000, 0x0000000086a00000| Untracked 
|  39|0x0000000086b00000, 0x0000000086b00000, 0x0000000086c00000|  0%| F|  |TAMS 0x0000000086b00000, 0x0000000086b00000| Untracked 
|  40|0x0000000086c00000, 0x0000000086c00000, 0x0000000086d00000|  0%| F|  |TAMS 0x0000000086c00000, 0x0000000086c00000| Untracked 
|  41|0x0000000086d00000, 0x0000000086d00000, 0x0000000086e00000|  0%| F|  |TAMS 0x0000000086d00000, 0x0000000086d00000| Untracked 
|  42|0x0000000086e00000, 0x0000000086e00000, 0x0000000086f00000|  0%| F|  |TAMS 0x0000000086e00000, 0x0000000086e00000| Untracked 
|  43|0x0000000086f00000, 0x0000000086f00000, 0x0000000087000000|  0%| F|  |TAMS 0x0000000086f00000, 0x0000000086f00000| Untracked 
|  44|0x0000000087000000, 0x0000000087000000, 0x0000000087100000|  0%| F|  |TAMS 0x0000000087000000, 0x0000000087000000| Untracked 
|  45|0x0000000087100000, 0x0000000087100000, 0x0000000087200000|  0%| F|  |TAMS 0x0000000087100000, 0x0000000087100000| Untracked 
|  46|0x0000000087200000, 0x0000000087200000, 0x0000000087300000|  0%| F|  |TAMS 0x0000000087200000, 0x0000000087200000| Untracked 
|  47|0x0000000087300000, 0x0000000087300000, 0x0000000087400000|  0%| F|  |TAMS 0x0000000087300000, 0x0000000087300000| Untracked 
|  48|0x0000000087400000, 0x0000000087400000, 0x0000000087500000|  0%| F|  |TAMS 0x0000000087400000, 0x0000000087400000| Untracked 
|  49|0x0000000087500000, 0x0000000087500000, 0x0000000087600000|  0%| F|  |TAMS 0x0000000087500000, 0x0000000087500000| Untracked 
|  50|0x0000000087600000, 0x0000000087600000, 0x0000000087700000|  0%| F|  |TAMS 0x0000000087600000, 0x0000000087600000| Untracked 
|  51|0x0000000087700000, 0x0000000087700000, 0x0000000087800000|  0%| F|  |TAMS 0x0000000087700000, 0x0000000087700000| Untracked 
|  52|0x0000000087800000, 0x0000000087800000, 0x0000000087900000|  0%| F|  |TAMS 0x0000000087800000, 0x0000000087800000| Untracked 
|  53|0x0000000087900000, 0x0000000087900000, 0x0000000087a00000|  0%| F|  |TAMS 0x0000000087900000, 0x0000000087900000| Untracked 
|  54|0x0000000087a00000, 0x0000000087a00000, 0x0000000087b00000|  0%| F|  |TAMS 0x0000000087a00000, 0x0000000087a00000| Untracked 
|  55|0x0000000087b00000, 0x0000000087b00000, 0x0000000087c00000|  0%| F|  |TAMS 0x0000000087b00000, 0x0000000087b00000| Untracked 
|  56|0x0000000087c00000, 0x0000000087c00000, 0x0000000087d00000|  0%| F|  |TAMS 0x0000000087c00000, 0x0000000087c00000| Untracked 
|  57|0x0000000087d00000, 0x0000000087d00000, 0x0000000087e00000|  0%| F|  |TAMS 0x0000000087d00000, 0x0000000087d00000| Untracked 
|  58|0x0000000087e00000, 0x0000000087e00000, 0x0000000087f00000|  0%| F|  |TAMS 0x0000000087e00000, 0x0000000087e00000| Untracked 
|  59|0x0000000087f00000, 0x0000000087f00000, 0x0000000088000000|  0%| F|  |TAMS 0x0000000087f00000, 0x0000000087f00000| Untracked 
|  60|0x0000000088000000, 0x0000000088000000, 0x0000000088100000|  0%| F|  |TAMS 0x0000000088000000, 0x0000000088000000| Untracked 
|  61|0x0000000088100000, 0x0000000088100000, 0x0000000088200000|  0%| F|  |TAMS 0x0000000088100000, 0x0000000088100000| Untracked 
|  62|0x0000000088200000, 0x0000000088200000, 0x0000000088300000|  0%| F|  |TAMS 0x0000000088200000, 0x0000000088200000| Untracked 
|  63|0x0000000088300000, 0x0000000088300000, 0x0000000088400000|  0%| F|  |TAMS 0x0000000088300000, 0x0000000088300000| Untracked 
|  64|0x0000000088400000, 0x0000000088400000, 0x0000000088500000|  0%| F|  |TAMS 0x0000000088400000, 0x0000000088400000| Untracked 
|  65|0x0000000088500000, 0x0000000088500000, 0x0000000088600000|  0%| F|  |TAMS 0x0000000088500000, 0x0000000088500000| Untracked 
|  66|0x0000000088600000, 0x0000000088600000, 0x0000000088700000|  0%| F|  |TAMS 0x0000000088600000, 0x0000000088600000| Untracked 
|  67|0x0000000088700000, 0x0000000088700000, 0x0000000088800000|  0%| F|  |TAMS 0x0000000088700000, 0x0000000088700000| Untracked 
|  68|0x0000000088800000, 0x0000000088800000, 0x0000000088900000|  0%| F|  |TAMS 0x0000000088800000, 0x0000000088800000| Untracked 
|  69|0x0000000088900000, 0x0000000088900000, 0x0000000088a00000|  0%| F|  |TAMS 0x0000000088900000, 0x0000000088900000| Untracked 
|  70|0x0000000088a00000, 0x0000000088a00000, 0x0000000088b00000|  0%| F|  |TAMS 0x0000000088a00000, 0x0000000088a00000| Untracked 
|  71|0x0000000088b00000, 0x0000000088b00000, 0x0000000088c00000|  0%| F|  |TAMS 0x0000000088b00000, 0x0000000088b00000| Untracked 
|  72|0x0000000088c00000, 0x0000000088c00000, 0x0000000088d00000|  0%| F|  |TAMS 0x0000000088c00000, 0x0000000088c00000| Untracked 
|  73|0x0000000088d00000, 0x0000000088d00000, 0x0000000088e00000|  0%| F|  |TAMS 0x0000000088d00000, 0x0000000088d00000| Untracked 
|  74|0x0000000088e00000, 0x0000000088e00000, 0x0000000088f00000|  0%| F|  |TAMS 0x0000000088e00000, 0x0000000088e00000| Untracked 
|  75|0x0000000088f00000, 0x0000000088f00000, 0x0000000089000000|  0%| F|  |TAMS 0x0000000088f00000, 0x0000000088f00000| Untracked 
|  76|0x0000000089000000, 0x0000000089000000, 0x0000000089100000|  0%| F|  |TAMS 0x0000000089000000, 0x0000000089000000| Untracked 
|  77|0x0000000089100000, 0x0000000089100000, 0x0000000089200000|  0%| F|  |TAMS 0x0000000089100000, 0x0000000089100000| Untracked 
|  78|0x0000000089200000, 0x0000000089200000, 0x0000000089300000|  0%| F|  |TAMS 0x0000000089200000, 0x0000000089200000| Untracked 
|  79|0x0000000089300000, 0x0000000089300000, 0x0000000089400000|  0%| F|  |TAMS 0x0000000089300000, 0x0000000089300000| Untracked 
|  80|0x0000000089400000, 0x0000000089400000, 0x0000000089500000|  0%| F|  |TAMS 0x0000000089400000, 0x0000000089400000| Untracked 
|  81|0x0000000089500000, 0x0000000089500000, 0x0000000089600000|  0%| F|  |TAMS 0x0000000089500000, 0x0000000089500000| Untracked 
|  82|0x0000000089600000, 0x0000000089600000, 0x0000000089700000|  0%| F|  |TAMS 0x0000000089600000, 0x0000000089600000| Untracked 
|  83|0x0000000089700000, 0x0000000089700000, 0x0000000089800000|  0%| F|  |TAMS 0x0000000089700000, 0x0000000089700000| Untracked 
|  84|0x0000000089800000, 0x0000000089800000, 0x0000000089900000|  0%| F|  |TAMS 0x0000000089800000, 0x0000000089800000| Untracked 
|  85|0x0000000089900000, 0x0000000089900000, 0x0000000089a00000|  0%| F|  |TAMS 0x0000000089900000, 0x0000000089900000| Untracked 
|  86|0x0000000089a00000, 0x0000000089a00000, 0x0000000089b00000|  0%| F|  |TAMS 0x0000000089a00000, 0x0000000089a00000| Untracked 
|  87|0x0000000089b00000, 0x0000000089b00000, 0x0000000089c00000|  0%| F|  |TAMS 0x0000000089b00000, 0x0000000089b00000| Untracked 
|  88|0x0000000089c00000, 0x0000000089c00000, 0x0000000089d00000|  0%| F|  |TAMS 0x0000000089c00000, 0x0000000089c00000| Untracked 
|  89|0x0000000089d00000, 0x0000000089d00000, 0x0000000089e00000|  0%| F|  |TAMS 0x0000000089d00000, 0x0000000089d00000| Untracked 
|  90|0x0000000089e00000, 0x0000000089e00000, 0x0000000089f00000|  0%| F|  |TAMS 0x0000000089e00000, 0x0000000089e00000| Untracked 
|  91|0x0000000089f00000, 0x0000000089f00000, 0x000000008a000000|  0%| F|  |TAMS 0x0000000089f00000, 0x0000000089f00000| Untracked 
|  92|0x000000008a000000, 0x000000008a000000, 0x000000008a100000|  0%| F|  |TAMS 0x000000008a000000, 0x000000008a000000| Untracked 
|  93|0x000000008a100000, 0x000000008a100000, 0x000000008a200000|  0%| F|  |TAMS 0x000000008a100000, 0x000000008a100000| Untracked 
|  94|0x000000008a200000, 0x000000008a200000, 0x000000008a300000|  0%| F|  |TAMS 0x000000008a200000, 0x000000008a200000| Untracked 
|  95|0x000000008a300000, 0x000000008a300000, 0x000000008a400000|  0%| F|  |TAMS 0x000000008a300000, 0x000000008a300000| Untracked 
|  96|0x000000008a400000, 0x000000008a400000, 0x000000008a500000|  0%| F|  |TAMS 0x000000008a400000, 0x000000008a400000| Untracked 
|  97|0x000000008a500000, 0x000000008a500000, 0x000000008a600000|  0%| F|  |TAMS 0x000000008a500000, 0x000000008a500000| Untracked 
|  98|0x000000008a600000, 0x000000008a600000, 0x000000008a700000|  0%| F|  |TAMS 0x000000008a600000, 0x000000008a600000| Untracked 
|  99|0x000000008a700000, 0x000000008a700000, 0x000000008a800000|  0%| F|  |TAMS 0x000000008a700000, 0x000000008a700000| Untracked 
| 100|0x000000008a800000, 0x000000008a800000, 0x000000008a900000|  0%| F|  |TAMS 0x000000008a800000, 0x000000008a800000| Untracked 
| 101|0x000000008a900000, 0x000000008a900000, 0x000000008aa00000|  0%| F|  |TAMS 0x000000008a900000, 0x000000008a900000| Untracked 
| 102|0x000000008aa00000, 0x000000008aa00000, 0x000000008ab00000|  0%| F|  |TAMS 0x000000008aa00000, 0x000000008aa00000| Untracked 
| 103|0x000000008ab00000, 0x000000008ab00000, 0x000000008ac00000|  0%| F|  |TAMS 0x000000008ab00000, 0x000000008ab00000| Untracked 
| 104|0x000000008ac00000, 0x000000008ac00000, 0x000000008ad00000|  0%| F|  |TAMS 0x000000008ac00000, 0x000000008ac00000| Untracked 
| 105|0x000000008ad00000, 0x000000008ad00000, 0x000000008ae00000|  0%| F|  |TAMS 0x000000008ad00000, 0x000000008ad00000| Untracked 
| 106|0x000000008ae00000, 0x000000008ae00000, 0x000000008af00000|  0%| F|  |TAMS 0x000000008ae00000, 0x000000008ae00000| Untracked 
| 107|0x000000008af00000, 0x000000008af00000, 0x000000008b000000|  0%| F|  |TAMS 0x000000008af00000, 0x000000008af00000| Untracked 
| 108|0x000000008b000000, 0x000000008b000000, 0x000000008b100000|  0%| F|  |TAMS 0x000000008b000000, 0x000000008b000000| Untracked 
| 109|0x000000008b100000, 0x000000008b100000, 0x000000008b200000|  0%| F|  |TAMS 0x000000008b100000, 0x000000008b100000| Untracked 
| 110|0x000000008b200000, 0x000000008b200000, 0x000000008b300000|  0%| F|  |TAMS 0x000000008b200000, 0x000000008b200000| Untracked 
| 111|0x000000008b300000, 0x000000008b300000, 0x000000008b400000|  0%| F|  |TAMS 0x000000008b300000, 0x000000008b300000| Untracked 
| 112|0x000000008b400000, 0x000000008b400000, 0x000000008b500000|  0%| F|  |TAMS 0x000000008b400000, 0x000000008b400000| Untracked 
| 113|0x000000008b500000, 0x000000008b500000, 0x000000008b600000|  0%| F|  |TAMS 0x000000008b500000, 0x000000008b500000| Untracked 
| 114|0x000000008b600000, 0x000000008b600000, 0x000000008b700000|  0%| F|  |TAMS 0x000000008b600000, 0x000000008b600000| Untracked 
| 115|0x000000008b700000, 0x000000008b700000, 0x000000008b800000|  0%| F|  |TAMS 0x000000008b700000, 0x000000008b700000| Untracked 
| 116|0x000000008b800000, 0x000000008b800000, 0x000000008b900000|  0%| F|  |TAMS 0x000000008b800000, 0x000000008b800000| Untracked 
| 117|0x000000008b900000, 0x000000008b900000, 0x000000008ba00000|  0%| F|  |TAMS 0x000000008b900000, 0x000000008b900000| Untracked 
| 118|0x000000008ba00000, 0x000000008ba89c68, 0x000000008bb00000| 53%| E|  |TAMS 0x000000008ba00000, 0x000000008ba00000| Complete 
| 119|0x000000008bb00000, 0x000000008bc00000, 0x000000008bc00000|100%| E|CS|TAMS 0x000000008bb00000, 0x000000008bb00000| Complete 
| 120|0x000000008bc00000, 0x000000008bd00000, 0x000000008bd00000|100%| E|CS|TAMS 0x000000008bc00000, 0x000000008bc00000| Complete 
| 121|0x000000008bd00000, 0x000000008be00000, 0x000000008be00000|100%| E|CS|TAMS 0x000000008bd00000, 0x000000008bd00000| Complete 
| 122|0x000000008be00000, 0x000000008bf00000, 0x000000008bf00000|100%| E|CS|TAMS 0x000000008be00000, 0x000000008be00000| Complete 
| 123|0x000000008bf00000, 0x000000008c000000, 0x000000008c000000|100%| E|CS|TAMS 0x000000008bf00000, 0x000000008bf00000| Complete 

Card table byte_map: [0x00000237fad00000,0x00000237fb0e0000] _byte_map_base: 0x00000237fa8de000

Marking Bits (Prev, Next): (CMBitMap*) 0x00000237e3da3de0, (CMBitMap*) 0x00000237e3da3e20
 Prev Bits: [0x00000237fb4c0000, 0x00000237fd3b0000)
 Next Bits: [0x00000237fd3b0000, 0x00000237ff2a0000)

Polling page: 0x00000237e3520000

Metaspace:

Usage:
  Non-class:      5.26 MB used.
      Class:    716.77 KB used.
       Both:      5.96 MB used.

Virtual space:
  Non-class space:       64.00 MB reserved,       5.31 MB (  8%) committed,  1 nodes.
      Class space:        1.00 GB reserved,     768.00 KB ( <1%) committed,  1 nodes.
             Both:        1.06 GB reserved,       6.06 MB ( <1%) committed. 

Chunk freelists:
   Non-Class:  10.40 MB
       Class:  15.25 MB
        Both:  25.66 MB

MaxMetaspaceSize: unlimited
CompressedClassSpaceSize: 1.00 GB
Initial GC threshold: 21.00 MB
Current GC threshold: 21.00 MB
CDS: on
MetaspaceReclaimPolicy: balanced
 - commit_granule_bytes: 65536.
 - commit_granule_words: 8192.
 - virtual_space_node_default_size: 8388608.
 - enlarge_chunks_in_place: 1.
 - new_chunks_are_fully_committed: 0.
 - uncommit_free_chunks: 1.
 - use_allocation_guard: 0.
 - handle_deallocations: 1.


Internal statistics:

num_allocs_failed_limit: 0.
num_arena_births: 88.
num_arena_deaths: 0.
num_vsnodes_births: 2.
num_vsnodes_deaths: 0.
num_space_committed: 97.
num_space_uncommitted: 0.
num_chunks_returned_to_freelist: 0.
num_chunks_taken_from_freelist: 120.
num_chunk_merges: 0.
num_chunk_splits: 69.
num_chunks_enlarged: 21.
num_purges: 0.
num_inconsistent_stats: 0.

CodeHeap 'non-profiled nmethods': size=120000Kb used=166Kb max_used=166Kb free=119833Kb
 bounds [0x00000237f30c0000, 0x00000237f3330000, 0x00000237fa5f0000]
CodeHeap 'profiled nmethods': size=120000Kb used=885Kb max_used=885Kb free=119115Kb
 bounds [0x00000237eb5f0000, 0x00000237eb860000, 0x00000237f2b20000]
CodeHeap 'non-nmethods': size=5760Kb used=1222Kb max_used=1236Kb free=4537Kb
 bounds [0x00000237f2b20000, 0x00000237f2d90000, 0x00000237f30c0000]
 total_blobs=1097 nmethods=580 adapters=430
 compilation: enabled
              stopped_count=0, restarted_count=0
 full_count=0

Compilation events (20 events):
Event: 0.176 Thread 0x00000237ffca4ff0  559       3       java.util.concurrent.ConcurrentHashMap$BaseIterator::hasNext (13 bytes)
Event: 0.177 Thread 0x00000237ffca4ff0 nmethod 559 0x00000237eb6b2890 code [0x00000237eb6b2a20, 0x00000237eb6b2b98]
Event: 0.178 Thread 0x00000237c70f60c0 nmethod 535 0x00000237f30e7d10 code [0x00000237f30e7ee0, 0x00000237f30e8a98]
Event: 0.180 Thread 0x00000237ffca4ff0  560       3       java.lang.invoke.LambdaFormEditor$TransformKey::<init> (15 bytes)
Event: 0.180 Thread 0x00000237ffca4ff0 nmethod 560 0x00000237eb6b2c10 code [0x00000237eb6b2da0, 0x00000237eb6b2f38]
Event: 0.180 Thread 0x00000237ffca4ff0  561       3       java.util.concurrent.ConcurrentHashMap$ValueIterator::next (34 bytes)
Event: 0.180 Thread 0x00000237ffca4ff0 nmethod 561 0x00000237eb6b3010 code [0x00000237eb6b31c0, 0x00000237eb6b3418]
Event: 0.180 Thread 0x00000237ffca4ff0  562       3       java.util.concurrent.ConcurrentHashMap$Traverser::advance (188 bytes)
Event: 0.180 Thread 0x00000237ffca4ff0 nmethod 562 0x00000237eb6b3510 code [0x00000237eb6b3760, 0x00000237eb6b4348]
Event: 0.180 Thread 0x00000237ffca4ff0  563       3       java.lang.Enum::<init> (15 bytes)
Event: 0.180 Thread 0x00000237ffca4ff0 nmethod 563 0x00000237eb6b4610 code [0x00000237eb6b47a0, 0x00000237eb6b4958]
Event: 0.181 Thread 0x00000237ffca4ff0  564       3       java.lang.ref.SoftReference::<init> (13 bytes)
Event: 0.181 Thread 0x00000237ffca4ff0 nmethod 564 0x00000237eb6b4a10 code [0x00000237eb6b4bc0, 0x00000237eb6b4ed8]
Event: 0.181 Thread 0x00000237ffca4ff0  565       3       java.lang.Character::charCount (12 bytes)
Event: 0.181 Thread 0x00000237ffca4ff0 nmethod 565 0x00000237eb6b5010 code [0x00000237eb6b51a0, 0x00000237eb6b5318]
Event: 0.181 Thread 0x00000237ffca4ff0  566       3       jdk.internal.jimage.ImageStringsReader::unmaskedHashCode (166 bytes)
Event: 0.181 Thread 0x00000237ffca4ff0 nmethod 566 0x00000237eb6b5390 code [0x00000237eb6b55e0, 0x00000237eb6b61d8]
Event: 0.181 Thread 0x00000237ffca4ff0  567       3       javax.swing.UIDefaults$TextAndMnemonicHashMap::get (358 bytes)
Event: 0.182 Thread 0x00000237ffca4640  571       4       java.util.HashMap::put (13 bytes)
Event: 0.184 Thread 0x00000237c70f60c0  582       4       java.util.HashMap::getNode (150 bytes)

GC Heap History (0 events):
No events

Deoptimization events (4 events):
Event: 0.115 Thread 0x00000237e3d4b5e0 Uncommon trap: trap_request=0xffffff45 fr.pc=0x00000237f30ce9dc relative=0x000000000000087c
Event: 0.115 Thread 0x00000237e3d4b5e0 Uncommon trap: reason=unstable_if action=reinterpret pc=0x00000237f30ce9dc method=java.util.HashMap.putVal(ILjava/lang/Object;Ljava/lang/Object;ZZ)Ljava/lang/Object; @ 81 c2
Event: 0.115 Thread 0x00000237e3d4b5e0 DEOPT PACKING pc=0x00000237f30ce9dc sp=0x000000aa264fe940
Event: 0.115 Thread 0x00000237e3d4b5e0 DEOPT UNPACKING pc=0x00000237f2b75ba3 sp=0x000000aa264fe8e0 mode 2

Classes unloaded (0 events):
No events

Classes redefined (0 events):
No events

Internal exceptions (20 events):
Event: 0.164 Thread 0x00000237e3d4b5e0 Exception <a 'java/lang/ClassNotFoundException'{0x000000008bb6d3f0}: PasswordField> (0x000000008bb6d3f0) 
thrown [s\open\src\hotspot\share\classfile\systemDictionary.cpp, line 256]
Event: 0.165 Thread 0x00000237e3d4b5e0 Exception <a 'java/lang/ClassNotFoundException'{0x000000008bb6d948}: TextArea> (0x000000008bb6d948) 
thrown [s\open\src\hotspot\share\classfile\systemDictionary.cpp, line 256]
Event: 0.165 Thread 0x00000237e3d4b5e0 Exception <a 'java/lang/ClassNotFoundException'{0x000000008bb6e288}: TextPane> (0x000000008bb6e288) 
thrown [s\open\src\hotspot\share\classfile\systemDictionary.cpp, line 256]
Event: 0.165 Thread 0x00000237e3d4b5e0 Exception <a 'java/lang/ClassNotFoundException'{0x000000008bb6e6f0}: EditorPane> (0x000000008bb6e6f0) 
thrown [s\open\src\hotspot\share\classfile\systemDictionary.cpp, line 256]
Event: 0.165 Thread 0x00000237e3d4b5e0 Exception <a 'java/lang/ClassNotFoundException'{0x000000008bb6f050}: ToolBar> (0x000000008bb6f050) 
thrown [s\open\src\hotspot\share\classfile\systemDictionary.cpp, line 256]
Event: 0.165 Thread 0x00000237e3d4b5e0 Exception <a 'java/lang/ClassNotFoundException'{0x000000008bb6f548}: ToolBar> (0x000000008bb6f548) 
thrown [s\open\src\hotspot\share\classfile\systemDictionary.cpp, line 256]
Event: 0.165 Thread 0x00000237e3d4b5e0 Exception <a 'java/lang/ClassNotFoundException'{0x000000008bb6f8a8}: Button> (0x000000008bb6f8a8) 
thrown [s\open\src\hotspot\share\classfile\systemDictionary.cpp, line 256]
Event: 0.165 Thread 0x00000237e3d4b5e0 Exception <a 'java/lang/ClassNotFoundException'{0x000000008bb6fd70}: ToolBar> (0x000000008bb6fd70) 
thrown [s\open\src\hotspot\share\classfile\systemDictionary.cpp, line 256]
Event: 0.165 Thread 0x00000237e3d4b5e0 Exception <a 'java/lang/ClassNotFoundException'{0x000000008bb700e0}: ToggleButton> (0x000000008bb700e0) 
thrown [s\open\src\hotspot\share\classfile\systemDictionary.cpp, line 256]
Event: 0.165 Thread 0x00000237e3d4b5e0 Exception <a 'java/lang/ClassNotFoundException'{0x000000008bb70520}: javax/swing/JToolBarSeparator> (0x000000008bb70520) 
thrown [s\open\src\hotspot\share\classfile\systemDictionary.cpp, line 256]
Event: 0.165 Thread 0x00000237e3d4b5e0 Exception <a 'java/lang/ClassNotFoundException'{0x000000008bb70828}: ToolBarSeparator> (0x000000008bb70828) 
thrown [s\open\src\hotspot\share\classfile\systemDictionary.cpp, line 256]
Event: 0.165 Thread 0x00000237e3d4b5e0 Exception <a 'java/lang/ClassNotFoundException'{0x000000008bb70d40}: ToolTip> (0x000000008bb70d40) 
thrown [s\open\src\hotspot\share\classfile\systemDictionary.cpp, line 256]
Event: 0.166 Thread 0x00000237e3d4b5e0 Exception <a 'java/lang/ClassNotFoundException'{0x000000008bb71690}: Tree> (0x000000008bb71690) 
thrown [s\open\src\hotspot\share\classfile\systemDictionary.cpp, line 256]
Event: 0.166 Thread 0x00000237e3d4b5e0 Exception <a 'java/lang/ClassNotFoundException'{0x000000008bb71b88}: Tree> (0x000000008bb71b88) 
thrown [s\open\src\hotspot\share\classfile\systemDictionary.cpp, line 256]
Event: 0.166 Thread 0x00000237e3d4b5e0 Exception <a 'java/lang/ClassNotFoundException'{0x000000008bb71ef8}: javax/swing/JTreeCell> (0x000000008bb71ef8) 
thrown [s\open\src\hotspot\share\classfile\systemDictionary.cpp, line 256]
Event: 0.166 Thread 0x00000237e3d4b5e0 Exception <a 'java/lang/ClassNotFoundException'{0x000000008bb721f8}: TreeCell> (0x000000008bb721f8) 
thrown [s\open\src\hotspot\share\classfile\systemDictionary.cpp, line 256]
Event: 0.166 Thread 0x00000237e3d4b5e0 Exception <a 'java/lang/ClassNotFoundException'{0x000000008bb729b8}: RootPane> (0x000000008bb729b8) 
thrown [s\open\src\hotspot\share\classfile\systemDictionary.cpp, line 256]
Event: 0.167 Thread 0x00000237e3d4b5e0 Exception <a 'java/lang/ClassNotFoundException'{0x000000008bb75808}: com/sun/swing/internal/plaf/metal/resources/spi/metalProvider> (0x000000008bb75808) 
thrown [s\open\src\hotspot\share\classfile\systemDictionary.cpp, line 256]
Event: 0.167 Thread 0x00000237e3d4b5e0 Exception <a 'java/lang/ClassNotFoundException'{0x000000008bb795f8}: com/sun/swing/internal/plaf/basic/resources/spi/basicProvider> (0x000000008bb795f8) 
thrown [s\open\src\hotspot\share\classfile\systemDictionary.cpp, line 256]
Event: 0.181 Thread 0x00000237c73fea00 Exception <a 'java/lang/ClassNotFoundException'{0x000000008ba148a8}: com/sun/swing/internal/plaf/synth/resources/spi/synthProvider> (0x000000008ba148a8) 
thrown [s\open\src\hotspot\share\classfile\systemDictionary.cpp, line 256]

VM Operations (4 events):
Event: 0.042 Executing VM operation: HandshakeAllThreads
Event: 0.042 Executing VM operation: HandshakeAllThreads done
Event: 0.152 Executing VM operation: HandshakeAllThreads
Event: 0.152 Executing VM operation: HandshakeAllThreads done

Events (20 events):
Event: 0.182 loading class java/util/Hashtable$EntrySet done
Event: 0.185 loading class javax/swing/plaf/nimbus/NimbusStyle$RuntimeState
Event: 0.185 loading class javax/swing/plaf/nimbus/NimbusStyle$RuntimeState done
Event: 0.185 loading class javax/swing/RepaintManager$ProcessingRunnable
Event: 0.185 loading class javax/swing/RepaintManager$ProcessingRunnable done
Event: 0.185 loading class com/sun/java/swing/SwingUtilities3
Event: 0.185 loading class com/sun/java/swing/SwingUtilities3 done
Event: 0.185 loading class javax/swing/plaf/synth/ColorType
Event: 0.185 loading class javax/swing/plaf/synth/ColorType done
Event: 0.186 loading class javax/swing/JRootPane$1
Event: 0.186 loading class javax/swing/JRootPane$1 done
Event: 0.186 loading class javax/swing/JRootPane$RootLayout
Event: 0.186 loading class javax/swing/JRootPane$RootLayout done
Event: 0.186 loading class javax/swing/RepaintManager$PaintManager
Event: 0.186 loading class javax/swing/RepaintManager$PaintManager done
Event: 0.186 loading class javax/swing/FocusManager
Event: 0.186 loading class javax/swing/FocusManager done
Event: 0.186 loading class javax/swing/LayoutFocusTraversalPolicy
Event: 0.186 loading class javax/swing/SortingFocusTraversalPolicy
Event: 0.186 loading class javax/swing/InternalFrameFocusTraversalPolicy


Dynamic libraries:
0x00007ff7c1d40000 - 0x00007ff7c1d50000 	C:\Program Files\Java\jdk-17\bin\java.exe
0x00007ffc57270000 - 0x00007ffc57487000 	C:\WINDOWS\SYSTEM32\ntdll.dll
0x00007ffc55500000 - 0x00007ffc555c4000 	C:\WINDOWS\System32\KERNEL32.DLL
0x00007ffc548f0000 - 0x00007ffc54c97000 	C:\WINDOWS\System32\KERNELBASE.dll
0x00007ffc54ca0000 - 0x00007ffc54db1000 	C:\WINDOWS\System32\ucrtbase.dll
0x00007ffc2cfa0000 - 0x00007ffc2cfb9000 	C:\Program Files\Java\jdk-17\bin\jli.dll
0x00007ffc4a870000 - 0x00007ffc4a88b000 	C:\Program Files\Java\jdk-17\bin\VCRUNTIME140.dll
0x00007ffc55c50000 - 0x00007ffc55d00000 	C:\WINDOWS\System32\ADVAPI32.dll
0x00007ffc57120000 - 0x00007ffc571c7000 	C:\WINDOWS\System32\msvcrt.dll
0x00007ffc55430000 - 0x00007ffc554d6000 	C:\WINDOWS\System32\sechost.dll
0x00007ffc55d80000 - 0x00007ffc55e97000 	C:\WINDOWS\System32\RPCRT4.dll
0x00007ffc56610000 - 0x00007ffc567be000 	C:\WINDOWS\System32\USER32.dll
0x00007ffc3ab30000 - 0x00007ffc3adc3000 	C:\WINDOWS\WinSxS\amd64_microsoft.windows.common-controls_6595b64144ccf1df_6.0.22621.2506_none_270c5ae97388e100\COMCTL32.dll
0x00007ffc54dc0000 - 0x00007ffc54de6000 	C:\WINDOWS\System32\win32u.dll
0x00007ffc56800000 - 0x00007ffc56829000 	C:\WINDOWS\System32\GDI32.dll
0x00007ffc54750000 - 0x00007ffc54869000 	C:\WINDOWS\System32\gdi32full.dll
0x00007ffc545f0000 - 0x00007ffc5468a000 	C:\WINDOWS\System32\msvcp_win.dll
0x00007ffc41470000 - 0x00007ffc4147a000 	C:\WINDOWS\SYSTEM32\VERSION.dll
0x00007ffc567c0000 - 0x00007ffc567f1000 	C:\WINDOWS\System32\IMM32.DLL
0x00007ffc4a780000 - 0x00007ffc4a78c000 	C:\Program Files\Java\jdk-17\bin\vcruntime140_1.dll
0x00007ffc1f2d0000 - 0x00007ffc1f35e000 	C:\Program Files\Java\jdk-17\bin\msvcp140.dll
0x00007ffc0e320000 - 0x00007ffc0eefe000 	C:\Program Files\Java\jdk-17\bin\server\jvm.dll
0x00007ffc55ea0000 - 0x00007ffc55ea8000 	C:\WINDOWS\System32\PSAPI.DLL
0x00007ffc4c740000 - 0x00007ffc4c749000 	C:\WINDOWS\SYSTEM32\WSOCK32.dll
0x00007ffc4c9d0000 - 0x00007ffc4ca04000 	C:\WINDOWS\SYSTEM32\WINMM.dll
0x00007ffc55020000 - 0x00007ffc55091000 	C:\WINDOWS\System32\WS2_32.dll
0x00007ffc535c0000 - 0x00007ffc535d8000 	C:\WINDOWS\SYSTEM32\kernel.appcore.dll
0x00007ffc4a770000 - 0x00007ffc4a77a000 	C:\Program Files\Java\jdk-17\bin\jimage.dll
0x00007ffc51c10000 - 0x00007ffc51e43000 	C:\WINDOWS\SYSTEM32\DBGHELP.DLL
0x00007ffc550a0000 - 0x00007ffc55429000 	C:\WINDOWS\System32\combase.dll
0x00007ffc56470000 - 0x00007ffc56547000 	C:\WINDOWS\System32\OLEAUT32.dll
0x00007ffc4c990000 - 0x00007ffc4c9c2000 	C:\WINDOWS\SYSTEM32\dbgcore.DLL
0x00007ffc54870000 - 0x00007ffc548ea000 	C:\WINDOWS\System32\bcryptPrimitives.dll
0x00007ffc35330000 - 0x00007ffc35355000 	C:\Program Files\Java\jdk-17\bin\java.dll
0x00007ffc21290000 - 0x00007ffc21367000 	C:\Program Files\Java\jdk-17\bin\jsvml.dll
0x00007ffc568c0000 - 0x00007ffc57119000 	C:\WINDOWS\System32\SHELL32.dll
0x00007ffc524c0000 - 0x00007ffc52db4000 	C:\WINDOWS\SYSTEM32\windows.storage.dll
0x00007ffc52380000 - 0x00007ffc524be000 	C:\WINDOWS\SYSTEM32\wintypes.dll
0x00007ffc555d0000 - 0x00007ffc556c3000 	C:\WINDOWS\System32\SHCORE.dll
0x00007ffc56100000 - 0x00007ffc5615e000 	C:\WINDOWS\System32\shlwapi.dll
0x00007ffc54520000 - 0x00007ffc54546000 	C:\WINDOWS\SYSTEM32\profapi.dll
0x00007ffc352c0000 - 0x00007ffc352d9000 	C:\Program Files\Java\jdk-17\bin\net.dll
0x00007ffc4b8e0000 - 0x00007ffc4ba17000 	C:\WINDOWS\SYSTEM32\WINHTTP.dll
0x00007ffc53b10000 - 0x00007ffc53b79000 	C:\WINDOWS\system32\mswsock.dll
0x00007ffc35160000 - 0x00007ffc35176000 	C:\Program Files\Java\jdk-17\bin\nio.dll
0x00007ffc33270000 - 0x00007ffc33288000 	C:\Program Files\Java\jdk-17\bin\zip.dll
0x00007ffc15ad0000 - 0x00007ffc15c61000 	C:\Program Files\Java\jdk-17\bin\awt.dll
0x00007ffc51440000 - 0x00007ffc514d7000 	C:\WINDOWS\SYSTEM32\apphelp.dll
0x00007ffc51710000 - 0x00007ffc517bb000 	C:\WINDOWS\system32\uxtheme.dll
0x00007ffc56160000 - 0x00007ffc562af000 	C:\WINDOWS\System32\MSCTF.dll
0x00007ffc562d0000 - 0x00007ffc56470000 	C:\WINDOWS\System32\ole32.dll
0x00007ffc51a30000 - 0x00007ffc51a5b000 	C:\WINDOWS\system32\DWMAPI.DLL
0x00007ffc1c540000 - 0x00007ffc1c5c6000 	C:\Program Files\Java\jdk-17\bin\freetype.dll
0x00007ffc159f0000 - 0x00007ffc15ac3000 	C:\Program Files\Java\jdk-17\bin\fontmanager.dll
0x00007ffc31670000 - 0x00007ffc31770000 	C:\WINDOWS\system32\opengl32.dll
0x00007ffc33300000 - 0x00007ffc3332d000 	C:\WINDOWS\SYSTEM32\GLU32.dll
0x00007ffc517f0000 - 0x00007ffc51826000 	C:\WINDOWS\SYSTEM32\dxcore.dll

dbghelp: loaded successfully - version: 4.0.5 - missing functions: none
symbol engine: initialized successfully - sym options: 0x614 - pdb path: .;C:\Program Files\Java\jdk-17\bin;C:\WINDOWS\SYSTEM32;C:\WINDOWS\WinSxS\amd64_microsoft.windows.common-controls_6595b64144ccf1df_6.0.22621.2506_none_270c5ae97388e100;C:\Program Files\Java\jdk-17\bin\server

VM Arguments:
jvm_args: -Dfile.encoding=UTF-8 --module-path=C:\Users\Hoang Khanh Hung\Desktop\Code\Library_Management_System\build\classes 
java_command: My_Forms.Login
java_class_path (initial): C:\Users\Hoang Khanh Hung\Downloads\Compressed\miglayout-4.0.jar;C:\Users\Hoang Khanh Hung\Downloads\TimingFramework-0.55.jar;C:\Users\Hoang Khanh Hung\Desktop\Code\Library_Management_System\build\classes
Launcher Type: SUN_STANDARD

[Global flags]
     intx CICompilerCount                          = 4                                         {product} {ergonomic}
     uint ConcGCThreads                            = 2                                         {product} {ergonomic}
     uint G1ConcRefinementThreads                  = 8                                         {product} {ergonomic}
   size_t G1HeapRegionSize                         = 1048576                                   {product} {ergonomic}
    uintx GCDrainStackTargetSize                   = 64                                        {product} {ergonomic}
   size_t InitialHeapSize                          = 130023424                                 {product} {ergonomic}
   size_t MarkStackSize                            = 4194304                                   {product} {ergonomic}
   size_t MaxHeapSize                              = 2076180480                                {product} {ergonomic}
   size_t MaxNewSize                               = 1245708288                                {product} {ergonomic}
   size_t MinHeapDeltaBytes                        = 1048576                                   {product} {ergonomic}
   size_t MinHeapSize                              = 8388608                                   {product} {ergonomic}
    uintx NonNMethodCodeHeapSize                   = 5839372                                {pd product} {ergonomic}
    uintx NonProfiledCodeHeapSize                  = 122909434                              {pd product} {ergonomic}
    uintx ProfiledCodeHeapSize                     = 122909434                              {pd product} {ergonomic}
    uintx ReservedCodeCacheSize                    = 251658240                              {pd product} {ergonomic}
     bool SegmentedCodeCache                       = true                                      {product} {ergonomic}
   size_t SoftMaxHeapSize                          = 2076180480                             {manageable} {ergonomic}
     bool UseCompressedClassPointers               = true                           {product lp64_product} {ergonomic}
     bool UseCompressedOops                        = true                           {product lp64_product} {ergonomic}
     bool UseG1GC                                  = true                                      {product} {ergonomic}
     bool UseLargePagesIndividualAllocation        = false                                  {pd product} {ergonomic}

Logging:
Log output configuration:
 #0: stdout all=warning uptime,level,tags
 #1: stderr all=off uptime,level,tags

Environment Variables:
PATH=C:\Program Files\Common Files\Oracle\Java\javapath;C:\Windows\system32;C:\Windows;C:\Windows\System32\Wbem;C:\Windows\System32\WindowsPowerShell\v1.0\;C:\Windows\System32\OpenSSH\;C:\WINDOWS\system32;C:\WINDOWS;C:\WINDOWS\System32\Wbem;C:\WINDOWS\System32\WindowsPowerShell\v1.0\;C:\WINDOWS\System32\OpenSSH\;C:\Program Files\dotnet\;C:\Program Files (x86)\NVIDIA Corporation\PhysX\Common;C:\Program Files\MATLAB\R2022b\bin;C:\Program Files\Cloudflare\Cloudflare WARP\;C:\Program Files\NVIDIA Corporation\NVIDIA NvDLISR;C:\Python\Scripts\;C:\Python\;C:\Users\Hoang Khanh Hung\AppData\Local\Programs\Python\Launcher\;C:\Program Files\Java\jdk-21\bin;C:\msys64\mingw64\bin;C:\Users\Hoang Khanh Hung\AppData\Local\Programs\Microsoft VS Code\bin
USERNAME=Hoang Khanh Hung
OS=Windows_NT
PROCESSOR_IDENTIFIER=Intel64 Family 6 Model 140 Stepping 1, GenuineIntel



---------------  S Y S T E M  ---------------

OS:
 Windows 11 , 64 bit Build 22621 (10.0.22621.2506)
OS uptime: 0 days 16:37 hours
Hyper-V role detected

CPU: total 8 (initial active 8) (4 cores per cpu, 2 threads per core) family 6 model 140 stepping 1 microcode 0xac, cx8, cmov, fxsr, ht, mmx, 3dnowpref, sse, sse2, sse3, ssse3, sse4.1, sse4.2, popcnt, lzcnt, tsc, tscinvbit, avx, avx2, aes, erms, clmul, bmi1, bmi2, adx, avx512f, avx512dq, avx512cd, avx512bw, avx512vl, sha, fma, vzeroupper, avx512_vpopcntdq, avx512_vpclmulqdq, avx512_vaes, avx512_vnni, clflush, clflushopt, clwb, avx512_vbmi2, avx512_vbmi, hv

Memory: 4k page, system-wide physical 7914M (423M free)
TotalPageFile size 12010M (AvailPageFile size 5M)
current process WorkingSet (physical memory assigned to process): 56M, peak: 56M
current process commit charge ("private bytes"): 219M, peak: 219M

vm_info: Java HotSpot(TM) 64-Bit Server VM (17.0.8+9-LTS-211) for windows-amd64 JRE (17.0.8+9-LTS-211), built on Jun 14 2023 10:34:31 by "mach5one" with MS VC++ 17.1 (VS2022)

END.
